mode: set
github.com/craigderington/prox/internal/config/autodiscover.go:12.38,14.16 2 0
github.com/craigderington/prox/internal/config/autodiscover.go:14.16,16.3 1 0
github.com/craigderington/prox/internal/config/autodiscover.go:19.2,25.39 2 0
github.com/craigderington/prox/internal/config/autodiscover.go:25.39,26.64 1 0
github.com/craigderington/prox/internal/config/autodiscover.go:26.64,28.4 1 0
github.com/craigderington/prox/internal/config/autodiscover.go:31.2,31.66 1 0
github.com/craigderington/prox/internal/config/autodiscover.go:35.57,37.41 1 0
github.com/craigderington/prox/internal/config/autodiscover.go:37.41,39.3 1 0
github.com/craigderington/prox/internal/config/autodiscover.go:42.2,44.16 3 0
github.com/craigderington/prox/internal/config/autodiscover.go:44.16,46.3 1 0
github.com/craigderington/prox/internal/config/autodiscover.go:49.2,49.72 1 0
github.com/craigderington/prox/internal/config/autodiscover.go:49.72,51.3 1 0
github.com/craigderington/prox/internal/config/autodiscover.go:51.8,51.39 1 0
github.com/craigderington/prox/internal/config/autodiscover.go:51.39,53.3 1 0
github.com/craigderington/prox/internal/config/autodiscover.go:53.8,53.57 1 0
github.com/craigderington/prox/internal/config/autodiscover.go:53.57,55.3 1 0
github.com/craigderington/prox/internal/config/autodiscover.go:57.2,57.120 1 0
github.com/craigderington/prox/internal/config/autodiscover.go:61.67,63.16 2 0
github.com/craigderington/prox/internal/config/autodiscover.go:63.16,65.3 1 0
github.com/craigderington/prox/internal/config/autodiscover.go:67.2,72.29 3 0
github.com/craigderington/prox/internal/config/autodiscover.go:72.29,74.49 2 0
github.com/craigderington/prox/internal/config/autodiscover.go:74.49,75.12 1 0
github.com/craigderington/prox/internal/config/autodiscover.go:78.3,79.22 2 0
github.com/craigderington/prox/internal/config/autodiscover.go:79.22,80.12 1 0
github.com/craigderington/prox/internal/config/autodiscover.go:83.3,91.4 3 0
github.com/craigderington/prox/internal/config/autodiscover.go:94.2,94.31 1 0
github.com/craigderington/prox/internal/config/autodiscover.go:94.31,96.3 1 0
github.com/craigderington/prox/internal/config/autodiscover.go:98.2,98.20 1 0
github.com/craigderington/prox/internal/config/autodiscover.go:102.56,105.16 3 0
github.com/craigderington/prox/internal/config/autodiscover.go:105.16,107.3 1 0
github.com/craigderington/prox/internal/config/autodiscover.go:109.2,114.29 3 0
github.com/craigderington/prox/internal/config/autodiscover.go:114.29,116.49 2 0
github.com/craigderington/prox/internal/config/autodiscover.go:116.49,117.12 1 0
github.com/craigderington/prox/internal/config/autodiscover.go:120.3,121.22 2 0
github.com/craigderington/prox/internal/config/autodiscover.go:121.22,122.12 1 0
github.com/craigderington/prox/internal/config/autodiscover.go:125.3,133.4 3 0
github.com/craigderington/prox/internal/config/autodiscover.go:136.2,136.31 1 0
github.com/craigderington/prox/internal/config/autodiscover.go:136.31,138.3 1 0
github.com/craigderington/prox/internal/config/autodiscover.go:140.2,140.20 1 0
github.com/craigderington/prox/internal/config/autodiscover.go:144.59,147.16 3 0
github.com/craigderington/prox/internal/config/autodiscover.go:147.16,149.3 1 0
github.com/craigderington/prox/internal/config/autodiscover.go:151.2,155.51 2 0
github.com/craigderington/prox/internal/config/autodiscover.go:155.51,157.3 1 0
github.com/craigderington/prox/internal/config/autodiscover.go:159.2,159.27 1 0
github.com/craigderington/prox/internal/config/autodiscover.go:159.27,161.3 1 0
github.com/craigderington/prox/internal/config/autodiscover.go:163.2,169.40 3 0
github.com/craigderington/prox/internal/config/autodiscover.go:169.40,170.43 1 0
github.com/craigderington/prox/internal/config/autodiscover.go:170.43,177.4 1 0
github.com/craigderington/prox/internal/config/autodiscover.go:180.2,180.31 1 0
github.com/craigderington/prox/internal/config/autodiscover.go:180.31,182.3 1 0
github.com/craigderington/prox/internal/config/autodiscover.go:184.2,184.20 1 0
github.com/craigderington/prox/internal/config/autodiscover.go:188.61,194.29 2 0
github.com/craigderington/prox/internal/config/autodiscover.go:194.29,195.42 1 0
github.com/craigderington/prox/internal/config/autodiscover.go:195.42,197.4 1 0
github.com/craigderington/prox/internal/config/autodiscover.go:200.2,200.56 1 0
github.com/craigderington/prox/internal/config/autodiscover.go:204.60,206.16 2 0
github.com/craigderington/prox/internal/config/autodiscover.go:206.16,208.3 1 0
github.com/craigderington/prox/internal/config/autodiscover.go:210.2,217.55 2 0
github.com/craigderington/prox/internal/config/autodiscover.go:217.55,219.3 1 0
github.com/craigderington/prox/internal/config/autodiscover.go:221.2,225.42 2 0
github.com/craigderington/prox/internal/config/autodiscover.go:225.42,226.24 1 0
github.com/craigderington/prox/internal/config/autodiscover.go:226.24,234.4 1 0
github.com/craigderington/prox/internal/config/autodiscover.go:237.2,237.31 1 0
github.com/craigderington/prox/internal/config/autodiscover.go:237.31,239.3 1 0
github.com/craigderington/prox/internal/config/autodiscover.go:241.2,241.20 1 0
github.com/craigderington/prox/internal/config/autodiscover.go:245.34,248.67 2 0
github.com/craigderington/prox/internal/config/autodiscover.go:248.67,250.3 1 0
github.com/craigderington/prox/internal/config/autodiscover.go:251.2,251.71 1 0
github.com/craigderington/prox/internal/config/autodiscover.go:251.71,253.3 1 0
github.com/craigderington/prox/internal/config/autodiscover.go:254.2,254.77 1 0
github.com/craigderington/prox/internal/config/autodiscover.go:254.77,256.3 1 0
github.com/craigderington/prox/internal/config/autodiscover.go:258.2,258.18 1 0
github.com/craigderington/prox/internal/config/config.go:60.47,62.16 2 1
github.com/craigderington/prox/internal/config/config.go:62.16,64.3 1 1
github.com/craigderington/prox/internal/config/config.go:66.2,67.54 2 1
github.com/craigderington/prox/internal/config/config.go:67.54,69.3 1 1
github.com/craigderington/prox/internal/config/config.go:72.2,72.48 1 1
github.com/craigderington/prox/internal/config/config.go:72.48,74.3 1 0
github.com/craigderington/prox/internal/config/config.go:77.2,77.41 1 1
github.com/craigderington/prox/internal/config/config.go:77.41,78.25 1 1
github.com/craigderington/prox/internal/config/config.go:78.25,80.4 1 1
github.com/craigderington/prox/internal/config/config.go:81.3,81.24 1 1
github.com/craigderington/prox/internal/config/config.go:81.24,83.4 1 1
github.com/craigderington/prox/internal/config/config.go:84.3,84.30 1 1
github.com/craigderington/prox/internal/config/config.go:87.2,87.21 1 1
github.com/craigderington/prox/internal/config/config.go:93.43,94.19 1 1
github.com/craigderington/prox/internal/config/config.go:94.19,96.3 1 1
github.com/craigderington/prox/internal/config/config.go:98.2,98.31 1 1
github.com/craigderington/prox/internal/config/config.go:98.31,100.3 1 1
github.com/craigderington/prox/internal/config/config.go:103.2,106.45 3 1
github.com/craigderington/prox/internal/config/config.go:106.45,108.25 1 1
github.com/craigderington/prox/internal/config/config.go:108.25,110.4 1 0
github.com/craigderington/prox/internal/config/config.go:111.3,114.51 2 1
github.com/craigderington/prox/internal/config/config.go:114.51,116.4 1 1
github.com/craigderington/prox/internal/config/config.go:119.3,119.52 1 1
github.com/craigderington/prox/internal/config/config.go:119.52,121.4 1 1
github.com/craigderington/prox/internal/config/config.go:124.3,124.32 1 1
github.com/craigderington/prox/internal/config/config.go:124.32,125.67 1 1
github.com/craigderington/prox/internal/config/config.go:125.67,127.5 1 1
github.com/craigderington/prox/internal/config/config.go:131.3,131.64 1 1
github.com/craigderington/prox/internal/config/config.go:131.64,133.4 1 1
github.com/craigderington/prox/internal/config/config.go:136.3,136.54 1 1
github.com/craigderington/prox/internal/config/config.go:136.54,138.4 1 1
github.com/craigderington/prox/internal/config/config.go:141.3,141.39 1 1
github.com/craigderington/prox/internal/config/config.go:141.39,142.53 1 1
github.com/craigderington/prox/internal/config/config.go:142.53,144.5 1 1
github.com/craigderington/prox/internal/config/config.go:148.3,148.44 1 1
github.com/craigderington/prox/internal/config/config.go:152.2,152.64 1 1
github.com/craigderington/prox/internal/config/config.go:152.64,154.3 1 1
github.com/craigderington/prox/internal/config/config.go:157.2,157.49 1 1
github.com/craigderington/prox/internal/config/config.go:157.49,158.28 1 1
github.com/craigderington/prox/internal/config/config.go:158.28,159.26 1 1
github.com/craigderington/prox/internal/config/config.go:159.26,161.5 1 1
github.com/craigderington/prox/internal/config/config.go:165.2,165.12 1 1
github.com/craigderington/prox/internal/config/config.go:169.45,170.16 1 1
github.com/craigderington/prox/internal/config/config.go:170.16,172.3 1 0
github.com/craigderington/prox/internal/config/config.go:174.2,174.20 1 1
github.com/craigderington/prox/internal/config/config.go:174.20,176.3 1 0
github.com/craigderington/prox/internal/config/config.go:179.2,180.34 2 1
github.com/craigderington/prox/internal/config/config.go:180.34,182.3 1 1
github.com/craigderington/prox/internal/config/config.go:184.2,184.12 1 1
github.com/craigderington/prox/internal/config/config.go:188.52,207.46 2 1
github.com/craigderington/prox/internal/config/config.go:207.46,209.3 1 1
github.com/craigderington/prox/internal/config/config.go:211.2,211.12 1 1
github.com/craigderington/prox/internal/config/config.go:215.49,223.45 2 1
github.com/craigderington/prox/internal/config/config.go:223.45,225.3 1 1
github.com/craigderington/prox/internal/config/config.go:227.2,227.12 1 1
github.com/craigderington/prox/internal/config/config.go:231.46,232.15 1 1
github.com/craigderington/prox/internal/config/config.go:232.15,234.3 1 0
github.com/craigderington/prox/internal/config/config.go:237.2,238.32 2 1
github.com/craigderington/prox/internal/config/config.go:238.32,240.3 1 1
github.com/craigderington/prox/internal/config/config.go:242.2,242.12 1 1
github.com/craigderington/prox/internal/config/config.go:246.62,252.35 4 1
github.com/craigderington/prox/internal/config/config.go:252.35,256.38 3 1
github.com/craigderington/prox/internal/config/config.go:256.38,257.21 1 1
github.com/craigderington/prox/internal/config/config.go:257.21,258.36 1 1
github.com/craigderington/prox/internal/config/config.go:258.36,260.6 1 1
github.com/craigderington/prox/internal/config/config.go:261.10,261.34 1 1
github.com/craigderington/prox/internal/config/config.go:261.34,263.5 1 1
github.com/craigderington/prox/internal/config/config.go:266.3,267.13 2 1
github.com/craigderington/prox/internal/config/config.go:270.2,270.29 1 1
github.com/craigderington/prox/internal/config/config.go:270.29,271.24 1 1
github.com/craigderington/prox/internal/config/config.go:271.24,272.39 1 1
github.com/craigderington/prox/internal/config/config.go:272.39,274.5 1 1
github.com/craigderington/prox/internal/config/config.go:278.2,278.12 1 1
github.com/craigderington/prox/internal/config/config.go:285.39,287.16 2 1
github.com/craigderington/prox/internal/config/config.go:287.16,289.3 1 0
github.com/craigderington/prox/internal/config/config.go:292.2,295.6 3 1
github.com/craigderington/prox/internal/config/config.go:295.6,296.30 1 1
github.com/craigderington/prox/internal/config/config.go:296.30,298.43 2 1
github.com/craigderington/prox/internal/config/config.go:298.43,300.5 1 1
github.com/craigderington/prox/internal/config/config.go:303.3,304.20 2 1
github.com/craigderington/prox/internal/config/config.go:304.20,305.9 1 1
github.com/craigderington/prox/internal/config/config.go:307.3,307.15 1 1
github.com/craigderington/prox/internal/config/config.go:310.2,310.69 1 1
github.com/craigderington/prox/internal/config/config.go:315.52,317.16 2 1
github.com/craigderington/prox/internal/config/config.go:317.16,319.3 1 0
github.com/craigderington/prox/internal/config/config.go:321.2,321.55 1 1
github.com/craigderington/prox/internal/config/config.go:321.55,323.3 1 0
github.com/craigderington/prox/internal/config/config.go:325.2,325.12 1 1
github.com/craigderington/prox/internal/process/manager.go:31.28,35.2 1 1
github.com/craigderington/prox/internal/process/manager.go:38.47,40.2 1 1
github.com/craigderington/prox/internal/process/manager.go:45.65,50.32 3 1
github.com/craigderington/prox/internal/process/manager.go:50.32,51.28 1 1
github.com/craigderington/prox/internal/process/manager.go:51.28,53.4 1 1
github.com/craigderington/prox/internal/process/manager.go:57.2,58.25 2 1
github.com/craigderington/prox/internal/process/manager.go:58.25,60.3 1 1
github.com/craigderington/prox/internal/process/manager.go:63.2,80.31 3 1
github.com/craigderington/prox/internal/process/manager.go:80.31,82.3 1 0
github.com/craigderington/prox/internal/process/manager.go:83.2,86.20 2 1
github.com/craigderington/prox/internal/process/manager.go:86.20,88.3 1 1
github.com/craigderington/prox/internal/process/manager.go:91.2,91.45 1 1
github.com/craigderington/prox/internal/process/manager.go:91.45,93.3 1 0
github.com/craigderington/prox/internal/process/manager.go:95.2,96.18 2 1
github.com/craigderington/prox/internal/process/manager.go:100.53,103.28 2 1
github.com/craigderington/prox/internal/process/manager.go:103.28,107.3 2 0
github.com/craigderington/prox/internal/process/manager.go:107.8,110.3 1 1
github.com/craigderington/prox/internal/process/manager.go:112.2,121.22 4 1
github.com/craigderington/prox/internal/process/manager.go:121.22,127.17 2 1
github.com/craigderington/prox/internal/process/manager.go:127.17,129.4 1 0
github.com/craigderington/prox/internal/process/manager.go:131.3,136.17 2 1
github.com/craigderington/prox/internal/process/manager.go:136.17,139.4 2 0
github.com/craigderington/prox/internal/process/manager.go:142.3,147.33 4 1
github.com/craigderington/prox/internal/process/manager.go:151.2,151.36 1 1
github.com/craigderington/prox/internal/process/manager.go:151.36,153.34 1 0
github.com/craigderington/prox/internal/process/manager.go:153.34,156.4 2 0
github.com/craigderington/prox/internal/process/manager.go:157.3,157.34 1 0
github.com/craigderington/prox/internal/process/manager.go:157.34,160.4 2 0
github.com/craigderington/prox/internal/process/manager.go:161.3,162.56 2 0
github.com/craigderington/prox/internal/process/manager.go:165.2,174.12 7 1
github.com/craigderington/prox/internal/process/manager.go:178.49,185.9 4 1
github.com/craigderington/prox/internal/process/manager.go:186.21,191.9 4 1
github.com/craigderington/prox/internal/process/manager.go:192.10,192.10 0 1
github.com/craigderington/prox/internal/process/manager.go:196.2,198.16 3 1
github.com/craigderington/prox/internal/process/manager.go:198.16,199.47 1 0
github.com/craigderington/prox/internal/process/manager.go:199.47,201.4 1 0
github.com/craigderington/prox/internal/process/manager.go:205.2,205.16 1 1
github.com/craigderington/prox/internal/process/manager.go:205.16,208.3 1 0
github.com/craigderington/prox/internal/process/manager.go:208.8,211.3 1 1
github.com/craigderington/prox/internal/process/manager.go:214.2,215.28 2 1
github.com/craigderington/prox/internal/process/manager.go:216.21,218.84 2 0
github.com/craigderington/prox/internal/process/manager.go:219.24,220.20 1 1
github.com/craigderington/prox/internal/process/manager.go:220.20,224.4 2 0
github.com/craigderington/prox/internal/process/manager.go:225.20,226.24 1 0
github.com/craigderington/prox/internal/process/manager.go:229.2,229.19 1 1
github.com/craigderington/prox/internal/process/manager.go:229.19,231.34 1 0
github.com/craigderington/prox/internal/process/manager.go:231.34,234.4 2 0
github.com/craigderington/prox/internal/process/manager.go:235.3,235.34 1 0
github.com/craigderington/prox/internal/process/manager.go:235.34,238.4 2 0
github.com/craigderington/prox/internal/process/manager.go:241.3,248.46 4 0
github.com/craigderington/prox/internal/process/manager.go:248.46,253.4 4 0
github.com/craigderington/prox/internal/process/manager.go:254.8,261.34 4 1
github.com/craigderington/prox/internal/process/manager.go:261.34,264.4 2 1
github.com/craigderington/prox/internal/process/manager.go:265.3,265.34 1 1
github.com/craigderington/prox/internal/process/manager.go:265.34,268.4 2 1
github.com/craigderington/prox/internal/process/manager.go:275.47,280.17 4 1
github.com/craigderington/prox/internal/process/manager.go:280.17,282.3 1 0
github.com/craigderington/prox/internal/process/manager.go:284.2,284.28 1 1
github.com/craigderington/prox/internal/process/manager.go:288.52,292.34 3 1
github.com/craigderington/prox/internal/process/manager.go:292.34,294.3 1 0
github.com/craigderington/prox/internal/process/manager.go:297.2,297.48 1 1
github.com/craigderington/prox/internal/process/manager.go:297.48,298.46 1 0
github.com/craigderington/prox/internal/process/manager.go:298.46,301.67 1 0
github.com/craigderington/prox/internal/process/manager.go:301.67,303.67 1 0
github.com/craigderington/prox/internal/process/manager.go:303.67,305.6 1 0
github.com/craigderington/prox/internal/process/manager.go:309.4,309.28 1 0
github.com/craigderington/prox/internal/process/manager.go:309.28,310.33 1 0
github.com/craigderington/prox/internal/process/manager.go:310.33,311.11 1 0
github.com/craigderington/prox/internal/process/manager.go:313.5,313.39 1 0
github.com/craigderington/prox/internal/process/manager.go:317.4,317.31 1 0
github.com/craigderington/prox/internal/process/manager.go:317.31,321.5 3 0
github.com/craigderington/prox/internal/process/manager.go:324.3,327.13 4 0
github.com/craigderington/prox/internal/process/manager.go:330.2,342.61 5 1
github.com/craigderington/prox/internal/process/manager.go:342.61,344.66 1 0
github.com/craigderington/prox/internal/process/manager.go:344.66,346.4 1 0
github.com/craigderington/prox/internal/process/manager.go:350.2,351.12 2 1
github.com/craigderington/prox/internal/process/manager.go:351.12,353.3 1 1
github.com/craigderington/prox/internal/process/manager.go:355.2,355.9 1 1
github.com/craigderington/prox/internal/process/manager.go:356.37,358.62 1 0
github.com/craigderington/prox/internal/process/manager.go:358.62,360.50 1 0
github.com/craigderington/prox/internal/process/manager.go:360.50,362.5 1 0
github.com/craigderington/prox/internal/process/manager.go:364.3,364.9 1 0
github.com/craigderington/prox/internal/process/manager.go:365.14,365.14 0 1
github.com/craigderington/prox/internal/process/manager.go:369.2,374.33 4 1
github.com/craigderington/prox/internal/process/manager.go:374.33,377.3 2 1
github.com/craigderington/prox/internal/process/manager.go:378.2,378.33 1 1
github.com/craigderington/prox/internal/process/manager.go:378.33,381.3 2 1
github.com/craigderington/prox/internal/process/manager.go:383.2,383.12 1 1
github.com/craigderington/prox/internal/process/manager.go:387.50,392.17 4 1
github.com/craigderington/prox/internal/process/manager.go:392.17,394.3 1 0
github.com/craigderington/prox/internal/process/manager.go:396.2,401.33 4 1
github.com/craigderington/prox/internal/process/manager.go:401.33,402.45 1 0
github.com/craigderington/prox/internal/process/manager.go:402.45,404.4 1 0
github.com/craigderington/prox/internal/process/manager.go:408.2,412.29 3 1
github.com/craigderington/prox/internal/process/manager.go:416.49,421.17 4 1
github.com/craigderington/prox/internal/process/manager.go:421.17,423.3 1 0
github.com/craigderington/prox/internal/process/manager.go:426.2,426.33 1 1
github.com/craigderington/prox/internal/process/manager.go:426.33,427.45 1 1
github.com/craigderington/prox/internal/process/manager.go:427.45,429.4 1 0
github.com/craigderington/prox/internal/process/manager.go:433.2,434.12 2 1
github.com/craigderington/prox/internal/process/manager.go:439.37,444.35 4 1
github.com/craigderington/prox/internal/process/manager.go:444.35,446.3 1 1
github.com/craigderington/prox/internal/process/manager.go:449.2,449.44 1 1
github.com/craigderington/prox/internal/process/manager.go:449.44,451.3 1 1
github.com/craigderington/prox/internal/process/manager.go:453.2,453.18 1 1
github.com/craigderington/prox/internal/process/manager.go:458.49,462.2 3 1
github.com/craigderington/prox/internal/process/manager.go:465.57,467.43 1 1
github.com/craigderington/prox/internal/process/manager.go:467.43,469.3 1 1
github.com/craigderington/prox/internal/process/manager.go:472.2,472.35 1 1
github.com/craigderington/prox/internal/process/manager.go:472.35,473.28 1 1
github.com/craigderington/prox/internal/process/manager.go:473.28,475.4 1 1
github.com/craigderington/prox/internal/process/manager.go:478.2,478.12 1 1
github.com/craigderington/prox/internal/process/manager.go:482.35,485.35 3 0
github.com/craigderington/prox/internal/process/manager.go:485.35,486.34 1 0
github.com/craigderington/prox/internal/process/manager.go:486.34,488.4 1 0
github.com/craigderington/prox/internal/process/manager.go:490.2,493.33 3 0
github.com/craigderington/prox/internal/process/manager.go:493.33,494.45 1 0
github.com/craigderington/prox/internal/process/manager.go:494.45,497.4 2 0
github.com/craigderington/prox/internal/process/manager.go:500.2,500.16 1 0
github.com/craigderington/prox/internal/process/manager.go:504.34,506.16 2 0
github.com/craigderington/prox/internal/process/manager.go:506.16,508.3 1 0
github.com/craigderington/prox/internal/process/manager.go:509.2,510.23 2 0
github.com/craigderington/prox/internal/process/metrics.go:18.62,22.2 1 0
github.com/craigderington/prox/internal/process/metrics.go:25.84,33.40 6 0
github.com/craigderington/prox/internal/process/metrics.go:33.40,38.3 1 0
github.com/craigderington/prox/internal/process/metrics.go:41.2,42.16 2 0
github.com/craigderington/prox/internal/process/metrics.go:42.16,48.3 1 0
github.com/craigderington/prox/internal/process/metrics.go:51.2,52.16 2 0
github.com/craigderington/prox/internal/process/metrics.go:52.16,54.3 1 0
github.com/craigderington/prox/internal/process/metrics.go:57.2,60.34 4 0
github.com/craigderington/prox/internal/process/metrics.go:60.34,64.17 3 0
github.com/craigderington/prox/internal/process/metrics.go:64.17,66.4 1 0
github.com/craigderington/prox/internal/process/metrics.go:71.2,73.37 3 0
github.com/craigderington/prox/internal/process/metrics.go:73.37,77.3 2 0
github.com/craigderington/prox/internal/process/metrics.go:79.2,87.8 1 0
github.com/craigderington/prox/internal/process/metrics.go:91.76,95.33 3 0
github.com/craigderington/prox/internal/process/metrics.go:95.33,97.17 2 0
github.com/craigderington/prox/internal/process/metrics.go:97.17,100.12 2 0
github.com/craigderington/prox/internal/process/metrics.go:102.3,102.23 1 0
github.com/craigderington/prox/internal/process/metrics.go:105.2,105.16 1 0
github.com/craigderington/prox/internal/process/metrics.go:109.38,111.16 2 0
github.com/craigderington/prox/internal/process/metrics.go:111.16,113.3 1 0
github.com/craigderington/prox/internal/process/metrics.go:114.2,114.26 1 0
github.com/craigderington/prox/internal/process/metrics.go:114.26,116.3 1 0
github.com/craigderington/prox/internal/process/metrics.go:117.2,117.15 1 0
github.com/craigderington/prox/internal/process/metrics.go:121.39,123.18 2 0
github.com/craigderington/prox/internal/process/metrics.go:123.18,125.3 1 0
github.com/craigderington/prox/internal/process/metrics.go:126.2,127.46 2 0
github.com/craigderington/prox/internal/process/metrics.go:127.46,130.3 2 0
github.com/craigderington/prox/internal/process/metrics.go:131.2,131.76 1 0
github.com/craigderington/prox/internal/process/metrics.go:135.45,136.21 1 0
github.com/craigderington/prox/internal/process/metrics.go:136.21,138.3 1 0
github.com/craigderington/prox/internal/process/metrics.go:139.2,139.19 1 0
github.com/craigderington/prox/internal/process/metrics.go:139.19,141.3 1 0
github.com/craigderington/prox/internal/process/metrics.go:142.2,142.22 1 0
github.com/craigderington/prox/internal/process/metrics.go:142.22,144.3 1 0
github.com/craigderington/prox/internal/process/metrics.go:145.2,145.68 1 0
github.com/craigderington/prox/internal/process/persistence.go:34.61,42.35 4 0
github.com/craigderington/prox/internal/process/persistence.go:42.35,59.3 3 0
github.com/craigderington/prox/internal/process/persistence.go:61.2,61.33 1 0
github.com/craigderington/prox/internal/process/persistence.go:65.61,67.50 2 0
github.com/craigderington/prox/internal/process/persistence.go:67.50,69.3 1 0
github.com/craigderington/prox/internal/process/persistence.go:71.2,74.44 3 0
github.com/craigderington/prox/internal/process/persistence.go:74.44,93.34 2 0
github.com/craigderington/prox/internal/process/persistence.go:93.34,95.32 1 0
github.com/craigderington/prox/internal/process/persistence.go:95.32,99.5 3 0
github.com/craigderington/prox/internal/process/persistence.go:102.3,102.30 1 0
github.com/craigderington/prox/internal/process/persistence.go:105.2,105.12 1 0
github.com/craigderington/prox/internal/process/persistence.go:109.34,110.14 1 0
github.com/craigderington/prox/internal/process/persistence.go:110.14,112.3 1 0
github.com/craigderington/prox/internal/process/persistence.go:113.2,114.16 2 0
github.com/craigderington/prox/internal/process/persistence.go:114.16,116.3 1 0
github.com/craigderington/prox/internal/process/persistence.go:118.2,119.19 2 0
github.com/craigderington/prox/internal/process/persistence.go:123.60,125.2 1 0
github.com/craigderington/prox/internal/process/persistence.go:128.60,130.2 1 0
github.com/craigderington/prox/internal/process/persistence.go:133.51,136.35 3 0
github.com/craigderington/prox/internal/process/persistence.go:136.35,137.34 1 0
github.com/craigderington/prox/internal/process/persistence.go:137.34,139.4 1 0
github.com/craigderington/prox/internal/process/persistence.go:141.2,143.33 2 0
github.com/craigderington/prox/internal/process/persistence.go:143.33,145.30 1 0
github.com/craigderington/prox/internal/process/persistence.go:145.30,148.4 1 0
github.com/craigderington/prox/internal/process/persistence.go:148.9,155.4 6 0
github.com/craigderington/prox/internal/process/persistence.go:158.2,158.12 1 0
github.com/craigderington/prox/internal/process/types.go:86.42,90.30 3 0
github.com/craigderington/prox/internal/process/types.go:90.30,92.3 1 0
github.com/craigderington/prox/internal/process/types.go:93.2,93.32 1 0
github.com/craigderington/prox/internal/storage/storage.go:16.30,18.16 2 1
github.com/craigderington/prox/internal/storage/storage.go:18.16,20.3 1 0
github.com/craigderington/prox/internal/storage/storage.go:22.2,25.53 2 1
github.com/craigderington/prox/internal/storage/storage.go:25.53,27.3 1 0
github.com/craigderington/prox/internal/storage/storage.go:30.2,31.33 2 1
github.com/craigderington/prox/internal/storage/storage.go:31.33,33.48 2 1
github.com/craigderington/prox/internal/storage/storage.go:33.48,35.4 1 0
github.com/craigderington/prox/internal/storage/storage.go:38.2,40.8 1 1
github.com/craigderington/prox/internal/storage/storage.go:44.38,46.2 1 1
github.com/craigderington/prox/internal/storage/storage.go:49.41,51.2 1 1
github.com/craigderington/prox/internal/storage/storage.go:54.36,56.2 1 1
github.com/craigderington/prox/internal/storage/storage.go:59.36,61.2 1 1
github.com/craigderington/prox/internal/storage/storage.go:64.38,66.2 1 1
github.com/craigderington/prox/internal/storage/storage.go:69.53,71.16 2 1
github.com/craigderington/prox/internal/storage/storage.go:71.16,73.3 1 0
github.com/craigderington/prox/internal/storage/storage.go:74.2,78.45 4 1
github.com/craigderington/prox/internal/storage/storage.go:78.45,80.3 1 0
github.com/craigderington/prox/internal/storage/storage.go:82.2,82.12 1 1
github.com/craigderington/prox/internal/storage/storage.go:86.53,88.16 2 1
github.com/craigderington/prox/internal/storage/storage.go:88.16,89.25 1 0
github.com/craigderington/prox/internal/storage/storage.go:89.25,91.4 1 0
github.com/craigderington/prox/internal/storage/storage.go:92.3,92.58 1 0
github.com/craigderington/prox/internal/storage/storage.go:94.2,97.45 3 1
github.com/craigderington/prox/internal/storage/storage.go:97.45,99.3 1 0
github.com/craigderington/prox/internal/storage/storage.go:101.2,101.12 1 1
github.com/craigderington/prox/internal/storage/storage.go:105.55,108.2 2 1
github.com/craigderington/prox/internal/storage/storage.go:111.48,114.39 3 1
github.com/craigderington/prox/internal/storage/storage.go:114.39,116.3 1 0
github.com/craigderington/prox/internal/storage/storage.go:117.2,117.12 1 1
github.com/craigderington/prox/internal/storage/storage.go:121.58,123.2 1 1
github.com/craigderington/prox/internal/storage/storage.go:131.43,135.2 1 0
github.com/craigderington/prox/internal/storage/storage.go:138.65,144.2 1 0
github.com/craigderington/prox/internal/storage/storage.go:147.62,150.16 3 0
github.com/craigderington/prox/internal/storage/storage.go:150.16,152.3 1 0
github.com/craigderington/prox/internal/storage/storage.go:155.2,155.38 1 0
github.com/craigderington/prox/internal/storage/storage.go:155.38,157.3 1 0
github.com/craigderington/prox/internal/storage/storage.go:159.2,160.9 2 0
github.com/craigderington/prox/internal/storage/storage.go:160.9,162.3 1 0
github.com/craigderington/prox/internal/storage/storage.go:164.2,165.75 2 0
github.com/craigderington/prox/internal/storage/storage.go:165.75,167.3 1 0
github.com/craigderington/prox/internal/storage/storage.go:169.2,169.20 1 0
github.com/craigderington/prox/main.go:5.13,7.2 1 0
github.com/craigderington/prox/internal/daemon/client.go:20.35,22.16 2 0
github.com/craigderington/prox/internal/daemon/client.go:22.16,24.3 1 0
github.com/craigderington/prox/internal/daemon/client.go:26.2,30.8 2 0
github.com/craigderington/prox/internal/daemon/client.go:34.35,36.16 2 0
github.com/craigderington/prox/internal/daemon/client.go:36.16,38.3 1 0
github.com/craigderington/prox/internal/daemon/client.go:39.2,40.13 2 0
github.com/craigderington/prox/internal/daemon/client.go:44.31,47.2 2 0
github.com/craigderington/prox/internal/daemon/client.go:50.80,55.16 4 0
github.com/craigderington/prox/internal/daemon/client.go:55.16,57.3 1 0
github.com/craigderington/prox/internal/daemon/client.go:59.2,60.56 2 0
github.com/craigderington/prox/internal/daemon/client.go:60.56,62.3 1 0
github.com/craigderington/prox/internal/daemon/client.go:64.2,64.26 1 0
github.com/craigderington/prox/internal/daemon/client.go:68.46,74.2 4 0
github.com/craigderington/prox/internal/daemon/client.go:77.49,83.2 4 0
github.com/craigderington/prox/internal/daemon/client.go:86.48,92.2 4 0
github.com/craigderington/prox/internal/daemon/client.go:95.53,97.16 2 0
github.com/craigderington/prox/internal/daemon/client.go:97.16,99.3 1 0
github.com/craigderington/prox/internal/daemon/client.go:101.2,102.56 2 0
github.com/craigderington/prox/internal/daemon/client.go:102.56,104.3 1 0
github.com/craigderington/prox/internal/daemon/client.go:106.2,106.28 1 0
github.com/craigderington/prox/internal/daemon/client.go:110.65,115.16 4 0
github.com/craigderington/prox/internal/daemon/client.go:115.16,117.3 1 0
github.com/craigderington/prox/internal/daemon/client.go:119.2,120.56 2 0
github.com/craigderington/prox/internal/daemon/client.go:120.56,122.3 1 0
github.com/craigderington/prox/internal/daemon/client.go:124.2,124.26 1 0
github.com/craigderington/prox/internal/daemon/client.go:128.35,131.2 2 0
github.com/craigderington/prox/internal/daemon/client.go:134.90,136.16 2 0
github.com/craigderington/prox/internal/daemon/client.go:136.16,138.3 1 0
github.com/craigderington/prox/internal/daemon/client.go:139.2,157.16 10 0
github.com/craigderington/prox/internal/daemon/client.go:157.16,159.3 1 0
github.com/craigderington/prox/internal/daemon/client.go:161.2,162.56 2 0
github.com/craigderington/prox/internal/daemon/client.go:162.56,164.3 1 0
github.com/craigderington/prox/internal/daemon/client.go:166.2,166.19 1 0
github.com/craigderington/prox/internal/daemon/client.go:166.19,168.3 1 0
github.com/craigderington/prox/internal/daemon/client.go:170.2,170.23 1 0
github.com/craigderington/prox/internal/daemon/client.go:174.46,176.2 1 0
github.com/craigderington/prox/internal/daemon/server.go:27.35,30.16 2 0
github.com/craigderington/prox/internal/daemon/server.go:30.16,32.3 1 0
github.com/craigderington/prox/internal/daemon/server.go:34.2,39.16 4 0
github.com/craigderington/prox/internal/daemon/server.go:39.16,41.3 1 0
github.com/craigderington/prox/internal/daemon/server.go:42.2,48.8 2 0
github.com/craigderington/prox/internal/daemon/server.go:52.32,54.15 2 0
github.com/craigderington/prox/internal/daemon/server.go:54.15,57.3 2 0
github.com/craigderington/prox/internal/daemon/server.go:58.2,65.16 4 0
github.com/craigderington/prox/internal/daemon/server.go:65.16,67.3 1 0
github.com/craigderington/prox/internal/daemon/server.go:69.2,77.38 6 0
github.com/craigderington/prox/internal/daemon/server.go:77.38,79.3 1 0
github.com/craigderington/prox/internal/daemon/server.go:82.2,82.6 1 0
github.com/craigderington/prox/internal/daemon/server.go:82.6,84.17 2 0
github.com/craigderington/prox/internal/daemon/server.go:84.17,88.16 4 0
github.com/craigderington/prox/internal/daemon/server.go:88.16,89.10 1 0
github.com/craigderington/prox/internal/daemon/server.go:91.4,92.12 2 0
github.com/craigderington/prox/internal/daemon/server.go:95.3,95.30 1 0
github.com/craigderington/prox/internal/daemon/server.go:98.2,98.12 1 0
github.com/craigderington/prox/internal/daemon/server.go:102.31,106.16 3 0
github.com/craigderington/prox/internal/daemon/server.go:106.16,108.3 1 0
github.com/craigderington/prox/internal/daemon/server.go:110.2,113.38 2 0
github.com/craigderington/prox/internal/daemon/server.go:113.38,115.3 1 0
github.com/craigderington/prox/internal/daemon/server.go:118.2,121.23 2 0
github.com/craigderington/prox/internal/daemon/server.go:121.23,123.3 1 0
github.com/craigderington/prox/internal/daemon/server.go:126.2,128.12 2 0
github.com/craigderington/prox/internal/daemon/server.go:132.50,140.16 5 0
github.com/craigderington/prox/internal/daemon/server.go:140.16,143.3 2 0
github.com/craigderington/prox/internal/daemon/server.go:145.2,146.51 2 0
github.com/craigderington/prox/internal/daemon/server.go:146.51,149.3 2 0
github.com/craigderington/prox/internal/daemon/server.go:152.2,152.31 1 0
github.com/craigderington/prox/internal/daemon/server.go:156.71,157.20 1 0
github.com/craigderington/prox/internal/daemon/server.go:158.18,159.29 1 0
github.com/craigderington/prox/internal/daemon/server.go:161.19,163.61 2 0
github.com/craigderington/prox/internal/daemon/server.go:163.61,166.4 2 0
github.com/craigderington/prox/internal/daemon/server.go:167.3,168.17 2 0
github.com/craigderington/prox/internal/daemon/server.go:168.17,171.4 2 0
github.com/craigderington/prox/internal/daemon/server.go:172.3,174.30 3 0
github.com/craigderington/prox/internal/daemon/server.go:176.18,178.61 2 0
github.com/craigderington/prox/internal/daemon/server.go:178.61,181.4 2 0
github.com/craigderington/prox/internal/daemon/server.go:182.3,182.57 1 0
github.com/craigderington/prox/internal/daemon/server.go:182.57,185.4 2 0
github.com/craigderington/prox/internal/daemon/server.go:186.3,187.29 2 0
github.com/craigderington/prox/internal/daemon/server.go:189.21,191.61 2 0
github.com/craigderington/prox/internal/daemon/server.go:191.61,194.4 2 0
github.com/craigderington/prox/internal/daemon/server.go:195.3,195.60 1 0
github.com/craigderington/prox/internal/daemon/server.go:195.60,198.4 2 0
github.com/craigderington/prox/internal/daemon/server.go:199.3,200.29 2 0
github.com/craigderington/prox/internal/daemon/server.go:202.20,204.61 2 0
github.com/craigderington/prox/internal/daemon/server.go:204.61,207.4 2 0
github.com/craigderington/prox/internal/daemon/server.go:208.3,208.59 1 0
github.com/craigderington/prox/internal/daemon/server.go:208.59,211.4 2 0
github.com/craigderington/prox/internal/daemon/server.go:212.3,213.29 2 0
github.com/craigderington/prox/internal/daemon/server.go:215.18,218.30 3 0
github.com/craigderington/prox/internal/daemon/server.go:220.17,222.61 2 0
github.com/craigderington/prox/internal/daemon/server.go:222.61,225.4 2 0
github.com/craigderington/prox/internal/daemon/server.go:226.3,227.18 2 0
github.com/craigderington/prox/internal/daemon/server.go:227.18,230.4 2 0
github.com/craigderington/prox/internal/daemon/server.go:231.3,232.30 2 0
github.com/craigderington/prox/internal/daemon/server.go:234.22,236.14 2 0
github.com/craigderington/prox/internal/daemon/server.go:238.10,239.69 1 0
github.com/craigderington/prox/internal/daemon/server.go:244.74,250.2 2 0
github.com/craigderington/prox/internal/daemon/server.go:253.65,259.2 2 0
github.com/craigderington/prox/internal/daemon/server.go:262.72,267.2 4 0
github.com/craigderington/prox/internal/daemon/server.go:270.36,272.2 1 0
github.com/craigderington/prox/internal/daemon/server.go:275.36,277.2 1 0
github.com/craigderington/prox/internal/tui/app.go:43.73,65.2 6 0
github.com/craigderington/prox/internal/tui/app.go:68.31,73.2 1 0
github.com/craigderington/prox/internal/tui/app.go:76.57,78.44 1 0
github.com/craigderington/prox/internal/tui/app.go:78.44,83.56 3 0
github.com/craigderington/prox/internal/tui/app.go:83.56,87.4 3 0
github.com/craigderington/prox/internal/tui/app.go:88.3,88.50 1 0
github.com/craigderington/prox/internal/tui/app.go:88.50,92.4 3 0
github.com/craigderington/prox/internal/tui/app.go:93.3,93.16 1 0
github.com/craigderington/prox/internal/tui/app.go:97.2,97.32 1 0
github.com/craigderington/prox/internal/tui/app.go:97.32,99.3 1 0
github.com/craigderington/prox/internal/tui/app.go:102.2,102.31 1 0
github.com/craigderington/prox/internal/tui/app.go:106.66,107.27 1 0
github.com/craigderington/prox/internal/tui/app.go:108.18,110.18 1 0
github.com/craigderington/prox/internal/tui/app.go:110.18,111.24 1 0
github.com/craigderington/prox/internal/tui/app.go:112.15,117.18 4 0
github.com/craigderington/prox/internal/tui/app.go:119.17,122.22 2 0
github.com/craigderington/prox/internal/tui/app.go:122.22,127.6 4 0
github.com/craigderington/prox/internal/tui/app.go:128.5,128.18 1 0
github.com/craigderington/prox/internal/tui/app.go:130.12,134.18 3 0
github.com/craigderington/prox/internal/tui/app.go:139.3,139.23 1 0
github.com/craigderington/prox/internal/tui/app.go:140.22,141.22 1 0
github.com/craigderington/prox/internal/tui/app.go:143.12,147.17 3 0
github.com/craigderington/prox/internal/tui/app.go:149.18,150.22 1 0
github.com/craigderington/prox/internal/tui/app.go:150.22,152.5 1 0
github.com/craigderington/prox/internal/tui/app.go:153.4,153.17 1 0
github.com/craigderington/prox/internal/tui/app.go:155.20,156.39 1 0
github.com/craigderington/prox/internal/tui/app.go:156.39,158.5 1 0
github.com/craigderington/prox/internal/tui/app.go:159.4,159.17 1 0
github.com/craigderington/prox/internal/tui/app.go:161.16,163.37 1 0
github.com/craigderington/prox/internal/tui/app.go:163.37,168.5 4 0
github.com/craigderington/prox/internal/tui/app.go:169.4,169.17 1 0
github.com/craigderington/prox/internal/tui/app.go:171.12,173.37 1 0
github.com/craigderington/prox/internal/tui/app.go:173.37,176.5 2 0
github.com/craigderington/prox/internal/tui/app.go:177.4,177.17 1 0
github.com/craigderington/prox/internal/tui/app.go:179.12,181.37 1 0
github.com/craigderington/prox/internal/tui/app.go:181.37,184.5 2 0
github.com/craigderington/prox/internal/tui/app.go:185.4,185.17 1 0
github.com/craigderington/prox/internal/tui/app.go:187.12,189.37 1 0
github.com/craigderington/prox/internal/tui/app.go:189.37,192.5 2 0
github.com/craigderington/prox/internal/tui/app.go:193.4,193.17 1 0
github.com/craigderington/prox/internal/tui/app.go:195.12,197.37 1 0
github.com/craigderington/prox/internal/tui/app.go:197.37,203.5 5 0
github.com/craigderington/prox/internal/tui/app.go:204.4,204.17 1 0
github.com/craigderington/prox/internal/tui/app.go:206.12,208.39 1 0
github.com/craigderington/prox/internal/tui/app.go:211.20,214.37 2 0
github.com/craigderington/prox/internal/tui/app.go:214.37,216.4 1 0
github.com/craigderington/prox/internal/tui/app.go:217.3,217.21 1 0
github.com/craigderington/prox/internal/tui/app.go:217.21,219.4 1 0
github.com/craigderington/prox/internal/tui/app.go:220.3,220.40 1 0
github.com/craigderington/prox/internal/tui/app.go:222.18,224.16 2 0
github.com/craigderington/prox/internal/tui/app.go:226.15,230.4 1 0
github.com/craigderington/prox/internal/tui/app.go:232.14,234.16 2 0
github.com/craigderington/prox/internal/tui/app.go:237.2,237.15 1 0
github.com/craigderington/prox/internal/tui/app.go:241.67,242.21 1 0
github.com/craigderington/prox/internal/tui/app.go:243.17,244.28 1 0
github.com/craigderington/prox/internal/tui/app.go:244.28,247.4 2 0
github.com/craigderington/prox/internal/tui/app.go:248.14,249.25 1 0
github.com/craigderington/prox/internal/tui/app.go:249.25,252.4 2 0
github.com/craigderington/prox/internal/tui/app.go:253.10,254.16 1 0
github.com/craigderington/prox/internal/tui/app.go:257.2,257.27 1 0
github.com/craigderington/prox/internal/tui/app.go:258.18,259.23 1 0
github.com/craigderington/prox/internal/tui/app.go:260.29,265.17 4 0
github.com/craigderington/prox/internal/tui/app.go:270.2,270.21 1 0
github.com/craigderington/prox/internal/tui/app.go:271.17,274.16 3 0
github.com/craigderington/prox/internal/tui/app.go:275.14,278.16 3 0
github.com/craigderington/prox/internal/tui/app.go:281.2,281.15 1 0
github.com/craigderington/prox/internal/tui/app.go:285.30,286.18 1 0
github.com/craigderington/prox/internal/tui/app.go:286.18,288.3 1 0
github.com/craigderington/prox/internal/tui/app.go:291.2,291.21 1 0
github.com/craigderington/prox/internal/tui/app.go:292.17,293.28 1 0
github.com/craigderington/prox/internal/tui/app.go:293.28,295.4 1 0
github.com/craigderington/prox/internal/tui/app.go:296.14,297.25 1 0
github.com/craigderington/prox/internal/tui/app.go:297.25,299.4 1 0
github.com/craigderington/prox/internal/tui/app.go:302.2,302.27 1 0
github.com/craigderington/prox/internal/tui/app.go:307.46,309.56 2 0
github.com/craigderington/prox/internal/tui/app.go:309.56,311.3 1 0
github.com/craigderington/prox/internal/tui/app.go:312.2,312.80 1 0
github.com/craigderington/prox/internal/tui/app.go:312.80,314.3 1 0
github.com/craigderington/prox/internal/tui/app.go:317.55,318.24 1 0
github.com/craigderington/prox/internal/tui/app.go:318.24,320.3 1 0
github.com/craigderington/prox/internal/tui/app.go:323.66,324.24 1 0
github.com/craigderington/prox/internal/tui/app.go:324.24,326.3 1 0
github.com/craigderington/prox/internal/tui/app.go:329.68,330.24 1 0
github.com/craigderington/prox/internal/tui/app.go:330.24,332.17 2 0
github.com/craigderington/prox/internal/tui/app.go:332.17,334.4 1 0
github.com/craigderington/prox/internal/tui/app.go:335.3,335.35 1 0
github.com/craigderington/prox/internal/tui/app.go:339.65,340.24 1 0
github.com/craigderington/prox/internal/tui/app.go:340.24,342.17 2 0
github.com/craigderington/prox/internal/tui/app.go:342.17,344.4 1 0
github.com/craigderington/prox/internal/tui/app.go:345.3,345.35 1 0
github.com/craigderington/prox/internal/tui/app.go:349.67,350.24 1 0
github.com/craigderington/prox/internal/tui/app.go:350.24,352.17 2 0
github.com/craigderington/prox/internal/tui/app.go:352.17,354.4 1 0
github.com/craigderington/prox/internal/tui/app.go:355.3,355.35 1 0
github.com/craigderington/prox/internal/tui/app.go:359.69,360.24 1 0
github.com/craigderington/prox/internal/tui/app.go:360.24,363.22 2 0
github.com/craigderington/prox/internal/tui/app.go:363.22,365.4 1 0
github.com/craigderington/prox/internal/tui/app.go:367.3,373.22 5 0
github.com/craigderington/prox/internal/tui/app.go:373.22,374.48 1 0
github.com/craigderington/prox/internal/tui/app.go:374.48,376.25 1 0
github.com/craigderington/prox/internal/tui/app.go:376.25,379.14 3 0
github.com/craigderington/prox/internal/tui/app.go:381.5,381.8 1 0
github.com/craigderington/prox/internal/tui/app.go:382.10,385.5 2 0
github.com/craigderington/prox/internal/tui/app.go:389.3,390.17 2 0
github.com/craigderington/prox/internal/tui/app.go:390.17,392.35 2 0
github.com/craigderington/prox/internal/tui/app.go:392.35,395.5 2 0
github.com/craigderington/prox/internal/tui/app.go:399.3,410.17 4 0
github.com/craigderington/prox/internal/tui/app.go:410.17,412.4 1 0
github.com/craigderington/prox/internal/tui/app.go:413.3,413.35 1 0
github.com/craigderington/prox/internal/tui/app.go:418.46,420.13 2 0
github.com/craigderington/prox/internal/tui/app.go:421.13,422.16 1 0
github.com/craigderington/prox/internal/tui/app.go:423.13,424.18 1 0
github.com/craigderington/prox/internal/tui/app.go:425.13,426.16 1 0
github.com/craigderington/prox/internal/tui/app.go:427.13,428.16 1 0
github.com/craigderington/prox/internal/tui/app.go:429.10,430.12 1 0
github.com/craigderington/prox/internal/tui/dashboard.go:14.38,33.2 9 0
github.com/craigderington/prox/internal/tui/dashboard.go:36.35,52.22 8 0
github.com/craigderington/prox/internal/tui/dashboard.go:52.22,54.3 1 0
github.com/craigderington/prox/internal/tui/dashboard.go:57.2,64.35 5 0
github.com/craigderington/prox/internal/tui/dashboard.go:64.35,65.22 1 0
github.com/craigderington/prox/internal/tui/dashboard.go:66.29,67.12 1 0
github.com/craigderington/prox/internal/tui/dashboard.go:68.30,69.13 1 0
github.com/craigderington/prox/internal/tui/dashboard.go:70.30,71.13 1 0
github.com/craigderington/prox/internal/tui/dashboard.go:76.2,128.18 8 0
github.com/craigderington/prox/internal/tui/dashboard.go:132.39,140.42 2 0
github.com/craigderington/prox/internal/tui/dashboard.go:140.42,141.19 1 0
github.com/craigderington/prox/internal/tui/dashboard.go:141.19,143.5 1 0
github.com/craigderington/prox/internal/tui/dashboard.go:144.4,144.22 1 0
github.com/craigderington/prox/internal/tui/dashboard.go:154.2,159.17 2 0
github.com/craigderington/prox/internal/tui/dashboard.go:159.17,164.3 1 0
github.com/craigderington/prox/internal/tui/dashboard.go:166.2,170.3 1 0
github.com/craigderington/prox/internal/tui/dashboard.go:174.41,175.27 1 0
github.com/craigderington/prox/internal/tui/dashboard.go:175.27,188.3 2 0
github.com/craigderington/prox/internal/tui/dashboard.go:191.2,192.35 2 0
github.com/craigderington/prox/internal/tui/dashboard.go:192.35,195.3 2 0
github.com/craigderington/prox/internal/tui/dashboard.go:198.2,201.47 1 0
github.com/craigderington/prox/internal/tui/dashboard.go:201.47,203.16 1 0
github.com/craigderington/prox/internal/tui/dashboard.go:203.16,205.5 1 0
github.com/craigderington/prox/internal/tui/dashboard.go:208.4,208.30 1 0
github.com/craigderington/prox/internal/tui/dashboard.go:213.2,213.19 1 0
github.com/craigderington/prox/internal/tui/dashboard.go:217.102,228.14 8 0
github.com/craigderington/prox/internal/tui/dashboard.go:228.14,237.3 8 0
github.com/craigderington/prox/internal/tui/dashboard.go:240.2,241.14 2 0
github.com/craigderington/prox/internal/tui/dashboard.go:241.14,243.3 1 0
github.com/craigderington/prox/internal/tui/dashboard.go:246.2,250.59 3 0
github.com/craigderington/prox/internal/tui/dashboard.go:250.59,252.3 1 0
github.com/craigderington/prox/internal/tui/dashboard.go:255.2,256.59 2 0
github.com/craigderington/prox/internal/tui/dashboard.go:256.59,258.3 1 0
github.com/craigderington/prox/internal/tui/dashboard.go:261.2,262.59 2 0
github.com/craigderington/prox/internal/tui/dashboard.go:262.59,264.3 1 0
github.com/craigderington/prox/internal/tui/dashboard.go:267.2,271.18 3 0
github.com/craigderington/prox/internal/tui/dashboard.go:271.18,273.3 1 0
github.com/craigderington/prox/internal/tui/dashboard.go:276.2,284.3 1 0
github.com/craigderington/prox/internal/tui/dashboard.go:288.35,315.2 4 0
github.com/craigderington/prox/internal/tui/dashboard.go:318.41,319.19 1 0
github.com/craigderington/prox/internal/tui/dashboard.go:319.19,321.3 1 0
github.com/craigderington/prox/internal/tui/dashboard.go:322.2,322.26 1 0
github.com/craigderington/prox/internal/tui/logs.go:39.120,58.2 4 0
github.com/craigderington/prox/internal/tui/logs.go:61.35,63.2 1 0
github.com/craigderington/prox/internal/tui/logs.go:66.61,67.27 1 0
github.com/craigderington/prox/internal/tui/logs.go:68.18,69.23 1 0
github.com/craigderington/prox/internal/tui/logs.go:70.20,73.17 3 0
github.com/craigderington/prox/internal/tui/logs.go:75.18,78.17 3 0
github.com/craigderington/prox/internal/tui/logs.go:80.12,83.17 3 0
github.com/craigderington/prox/internal/tui/logs.go:85.12,88.17 3 0
github.com/craigderington/prox/internal/tui/logs.go:90.12,93.17 3 0
github.com/craigderington/prox/internal/tui/logs.go:95.12,98.17 3 0
github.com/craigderington/prox/internal/tui/logs.go:100.12,102.20 2 0
github.com/craigderington/prox/internal/tui/logs.go:102.20,104.5 1 0
github.com/craigderington/prox/internal/tui/logs.go:105.4,105.17 1 0
github.com/craigderington/prox/internal/tui/logs.go:107.12,112.56 4 0
github.com/craigderington/prox/internal/tui/logs.go:114.12,116.23 1 0
github.com/craigderington/prox/internal/tui/logs.go:116.23,118.25 1 0
github.com/craigderington/prox/internal/tui/logs.go:118.25,121.6 2 0
github.com/craigderington/prox/internal/tui/logs.go:122.5,122.28 1 0
github.com/craigderington/prox/internal/tui/logs.go:123.10,130.19 5 0
github.com/craigderington/prox/internal/tui/logs.go:130.19,133.6 2 0
github.com/craigderington/prox/internal/tui/logs.go:136.5,141.37 4 0
github.com/craigderington/prox/internal/tui/logs.go:141.37,143.6 1 0
github.com/craigderington/prox/internal/tui/logs.go:145.5,147.27 3 0
github.com/craigderington/prox/internal/tui/logs.go:149.4,149.17 1 0
github.com/craigderington/prox/internal/tui/logs.go:152.25,156.16 4 0
github.com/craigderington/prox/internal/tui/logs.go:158.21,159.19 1 0
github.com/craigderington/prox/internal/tui/logs.go:159.19,160.27 1 0
github.com/craigderington/prox/internal/tui/logs.go:160.27,166.21 5 0
github.com/craigderington/prox/internal/tui/logs.go:166.21,168.6 1 0
github.com/craigderington/prox/internal/tui/logs.go:170.5,170.69 1 0
github.com/craigderington/prox/internal/tui/logs.go:171.10,177.44 3 0
github.com/craigderington/prox/internal/tui/logs.go:177.44,178.32 1 0
github.com/craigderington/prox/internal/tui/logs.go:178.32,180.7 1 0
github.com/craigderington/prox/internal/tui/logs.go:184.5,184.37 1 0
github.com/craigderington/prox/internal/tui/logs.go:184.37,187.6 1 0
github.com/craigderington/prox/internal/tui/logs.go:189.5,192.21 2 0
github.com/craigderington/prox/internal/tui/logs.go:192.21,194.6 1 0
github.com/craigderington/prox/internal/tui/logs.go:198.3,198.67 1 0
github.com/craigderington/prox/internal/tui/logs.go:200.18,202.67 1 0
github.com/craigderington/prox/internal/tui/logs.go:204.19,207.16 3 0
github.com/craigderington/prox/internal/tui/logs.go:210.2,210.15 1 0
github.com/craigderington/prox/internal/tui/logs.go:214.43,221.18 5 0
github.com/craigderington/prox/internal/tui/logs.go:221.18,223.3 1 0
github.com/craigderington/prox/internal/tui/logs.go:226.2,227.27 2 0
github.com/craigderington/prox/internal/tui/logs.go:227.27,229.3 1 0
github.com/craigderington/prox/internal/tui/logs.go:230.2,243.15 4 0
github.com/craigderington/prox/internal/tui/logs.go:247.34,266.15 7 0
github.com/craigderington/prox/internal/tui/logs.go:266.15,271.3 1 0
github.com/craigderington/prox/internal/tui/logs.go:271.8,271.25 1 0
github.com/craigderington/prox/internal/tui/logs.go:271.25,276.3 1 0
github.com/craigderington/prox/internal/tui/logs.go:276.8,276.32 1 0
github.com/craigderington/prox/internal/tui/logs.go:276.32,289.3 2 0
github.com/craigderington/prox/internal/tui/logs.go:289.8,291.3 1 0
github.com/craigderington/prox/internal/tui/logs.go:294.2,307.18 5 0
github.com/craigderington/prox/internal/tui/logs.go:307.18,312.3 1 0
github.com/craigderington/prox/internal/tui/logs.go:312.8,316.3 1 0
github.com/craigderington/prox/internal/tui/logs.go:319.2,320.21 2 0
github.com/craigderington/prox/internal/tui/logs.go:320.21,325.3 1 0
github.com/craigderington/prox/internal/tui/logs.go:327.2,341.19 4 0
github.com/craigderington/prox/internal/tui/logs.go:345.45,348.34 2 0
github.com/craigderington/prox/internal/tui/logs.go:348.34,350.3 1 0
github.com/craigderington/prox/internal/tui/logs.go:352.2,356.18 3 0
github.com/craigderington/prox/internal/tui/logs.go:356.18,358.3 1 0
github.com/craigderington/prox/internal/tui/logs.go:362.49,364.42 2 0
github.com/craigderington/prox/internal/tui/logs.go:364.42,369.3 1 0
github.com/craigderington/prox/internal/tui/logs.go:369.8,373.3 1 0
github.com/craigderington/prox/internal/tui/logs.go:376.2,380.67 2 0
github.com/craigderington/prox/internal/tui/logs.go:391.87,392.24 1 0
github.com/craigderington/prox/internal/tui/logs.go:392.24,394.17 2 0
github.com/craigderington/prox/internal/tui/logs.go:394.17,396.4 1 0
github.com/craigderington/prox/internal/tui/logs.go:397.3,397.32 1 0
github.com/craigderington/prox/internal/tui/logs.go:401.94,402.59 1 0
github.com/craigderington/prox/internal/tui/logs.go:402.59,405.17 2 0
github.com/craigderington/prox/internal/tui/logs.go:405.17,407.4 1 0
github.com/craigderington/prox/internal/tui/logs.go:410.3,410.38 1 0
github.com/craigderington/prox/internal/tui/logs.go:410.38,413.4 2 0
github.com/craigderington/prox/internal/tui/logs.go:415.3,415.23 1 0
github.com/craigderington/prox/internal/tui/logs.go:420.56,421.17 1 0
github.com/craigderington/prox/internal/tui/logs.go:421.17,423.3 1 0
github.com/craigderington/prox/internal/tui/logs.go:425.2,426.42 2 0
github.com/craigderington/prox/internal/tui/logs.go:426.42,428.3 1 0
github.com/craigderington/prox/internal/tui/logs.go:429.2,433.24 2 0
github.com/craigderington/prox/internal/tui/logs.go:438.75,439.24 1 0
github.com/craigderington/prox/internal/tui/logs.go:439.24,448.17 5 0
github.com/craigderington/prox/internal/tui/logs.go:448.17,450.4 1 0
github.com/craigderington/prox/internal/tui/logs.go:451.3,459.33 5 0
github.com/craigderington/prox/internal/tui/logs.go:459.33,461.4 1 0
github.com/craigderington/prox/internal/tui/logs.go:464.3,464.13 1 0
github.com/craigderington/prox/internal/tui/monitor.go:55.231,57.31 2 0
github.com/craigderington/prox/internal/tui/monitor.go:57.31,59.3 1 0
github.com/craigderington/prox/internal/tui/monitor.go:62.2,68.20 5 0
github.com/craigderington/prox/internal/tui/monitor.go:68.20,70.3 1 0
github.com/craigderington/prox/internal/tui/monitor.go:71.2,71.21 1 0
github.com/craigderington/prox/internal/tui/monitor.go:71.21,73.3 1 0
github.com/craigderington/prox/internal/tui/monitor.go:74.2,74.19 1 0
github.com/craigderington/prox/internal/tui/monitor.go:74.19,76.3 1 0
github.com/craigderington/prox/internal/tui/monitor.go:77.2,77.22 1 0
github.com/craigderington/prox/internal/tui/monitor.go:77.22,79.3 1 0
github.com/craigderington/prox/internal/tui/monitor.go:83.2,125.3 13 0
github.com/craigderington/prox/internal/tui/monitor.go:129.38,136.2 1 0
github.com/craigderington/prox/internal/tui/monitor.go:139.67,140.27 1 0
github.com/craigderington/prox/internal/tui/monitor.go:141.18,142.23 1 0
github.com/craigderington/prox/internal/tui/monitor.go:143.14,146.17 2 0
github.com/craigderington/prox/internal/tui/monitor.go:148.20,150.26 1 0
github.com/craigderington/prox/internal/tui/monitor.go:151.19,152.38 1 0
github.com/craigderington/prox/internal/tui/monitor.go:153.22,154.35 1 0
github.com/craigderington/prox/internal/tui/monitor.go:156.4,156.17 1 0
github.com/craigderington/prox/internal/tui/monitor.go:158.21,160.26 1 0
github.com/craigderington/prox/internal/tui/monitor.go:161.26,162.31 1 0
github.com/craigderington/prox/internal/tui/monitor.go:163.23,164.34 1 0
github.com/craigderington/prox/internal/tui/monitor.go:166.4,166.17 1 0
github.com/craigderington/prox/internal/tui/monitor.go:168.20,169.26 1 0
github.com/craigderington/prox/internal/tui/monitor.go:170.26,172.40 1 0
github.com/craigderington/prox/internal/tui/monitor.go:172.40,182.6 8 0
github.com/craigderington/prox/internal/tui/monitor.go:183.19,186.25 2 0
github.com/craigderington/prox/internal/tui/monitor.go:187.22,189.34 1 0
github.com/craigderington/prox/internal/tui/monitor.go:190.23,192.35 1 0
github.com/craigderington/prox/internal/tui/monitor.go:194.4,194.17 1 0
github.com/craigderington/prox/internal/tui/monitor.go:196.18,197.26 1 0
github.com/craigderington/prox/internal/tui/monitor.go:198.26,200.23 1 0
github.com/craigderington/prox/internal/tui/monitor.go:200.23,210.6 8 0
github.com/craigderington/prox/internal/tui/monitor.go:211.19,214.25 2 0
github.com/craigderington/prox/internal/tui/monitor.go:215.22,217.32 1 0
github.com/craigderington/prox/internal/tui/monitor.go:218.23,220.33 1 0
github.com/craigderington/prox/internal/tui/monitor.go:222.4,222.17 1 0
github.com/craigderington/prox/internal/tui/monitor.go:224.12,225.35 1 0
github.com/craigderington/prox/internal/tui/monitor.go:225.35,228.5 2 0
github.com/craigderington/prox/internal/tui/monitor.go:229.4,229.17 1 0
github.com/craigderington/prox/internal/tui/monitor.go:231.12,232.35 1 0
github.com/craigderington/prox/internal/tui/monitor.go:232.35,235.5 2 0
github.com/craigderington/prox/internal/tui/monitor.go:236.4,236.17 1 0
github.com/craigderington/prox/internal/tui/monitor.go:238.12,239.35 1 0
github.com/craigderington/prox/internal/tui/monitor.go:239.35,241.21 2 0
github.com/craigderington/prox/internal/tui/monitor.go:241.21,243.6 1 0
github.com/craigderington/prox/internal/tui/monitor.go:245.4,245.17 1 0
github.com/craigderington/prox/internal/tui/monitor.go:247.12,249.35 1 0
github.com/craigderington/prox/internal/tui/monitor.go:249.35,251.5 1 0
github.com/craigderington/prox/internal/tui/monitor.go:252.4,252.17 1 0
github.com/craigderington/prox/internal/tui/monitor.go:254.12,256.37 1 0
github.com/craigderington/prox/internal/tui/monitor.go:256.37,258.54 2 0
github.com/craigderington/prox/internal/tui/monitor.go:258.54,260.6 1 0
github.com/craigderington/prox/internal/tui/monitor.go:261.5,264.6 1 0
github.com/craigderington/prox/internal/tui/monitor.go:266.4,266.17 1 0
github.com/craigderington/prox/internal/tui/monitor.go:268.12,270.37 1 0
github.com/craigderington/prox/internal/tui/monitor.go:270.37,272.51 2 0
github.com/craigderington/prox/internal/tui/monitor.go:272.51,274.6 1 0
github.com/craigderington/prox/internal/tui/monitor.go:275.5,278.6 1 0
github.com/craigderington/prox/internal/tui/monitor.go:280.4,280.17 1 0
github.com/craigderington/prox/internal/tui/monitor.go:282.12,284.37 1 0
github.com/craigderington/prox/internal/tui/monitor.go:284.37,286.53 2 0
github.com/craigderington/prox/internal/tui/monitor.go:286.53,289.60 2 0
github.com/craigderington/prox/internal/tui/monitor.go:289.60,291.7 1 0
github.com/craigderington/prox/internal/tui/monitor.go:293.6,293.39 1 0
github.com/craigderington/prox/internal/tui/monitor.go:293.39,295.7 1 0
github.com/craigderington/prox/internal/tui/monitor.go:297.5,300.6 1 0
github.com/craigderington/prox/internal/tui/monitor.go:302.4,302.17 1 0
github.com/craigderington/prox/internal/tui/monitor.go:305.25,317.21 8 0
github.com/craigderington/prox/internal/tui/monitor.go:317.21,319.4 1 0
github.com/craigderington/prox/internal/tui/monitor.go:320.3,320.22 1 0
github.com/craigderington/prox/internal/tui/monitor.go:320.22,322.4 1 0
github.com/craigderington/prox/internal/tui/monitor.go:323.3,323.20 1 0
github.com/craigderington/prox/internal/tui/monitor.go:323.20,325.4 1 0
github.com/craigderington/prox/internal/tui/monitor.go:326.3,326.23 1 0
github.com/craigderington/prox/internal/tui/monitor.go:326.23,328.4 1 0
github.com/craigderington/prox/internal/tui/monitor.go:332.3,347.16 13 0
github.com/craigderington/prox/internal/tui/monitor.go:349.21,350.19 1 0
github.com/craigderington/prox/internal/tui/monitor.go:350.19,351.30 1 0
github.com/craigderington/prox/internal/tui/monitor.go:351.30,357.21 4 0
github.com/craigderington/prox/internal/tui/monitor.go:357.21,359.6 1 0
github.com/craigderington/prox/internal/tui/monitor.go:361.5,361.69 1 0
github.com/craigderington/prox/internal/tui/monitor.go:362.10,368.40 3 0
github.com/craigderington/prox/internal/tui/monitor.go:368.40,371.6 1 0
github.com/craigderington/prox/internal/tui/monitor.go:373.5,375.21 2 0
github.com/craigderington/prox/internal/tui/monitor.go:375.21,377.6 1 0
github.com/craigderington/prox/internal/tui/monitor.go:381.3,381.67 1 0
github.com/craigderington/prox/internal/tui/monitor.go:383.18,385.67 1 0
github.com/craigderington/prox/internal/tui/monitor.go:387.15,393.4 1 0
github.com/craigderington/prox/internal/tui/monitor.go:395.18,398.36 2 0
github.com/craigderington/prox/internal/tui/monitor.go:398.36,400.47 2 0
github.com/craigderington/prox/internal/tui/monitor.go:400.47,403.41 3 0
github.com/craigderington/prox/internal/tui/monitor.go:403.41,405.6 1 0
github.com/craigderington/prox/internal/tui/monitor.go:406.5,406.41 1 0
github.com/craigderington/prox/internal/tui/monitor.go:406.41,408.6 1 0
github.com/craigderington/prox/internal/tui/monitor.go:411.5,413.21 3 0
github.com/craigderington/prox/internal/tui/monitor.go:413.21,416.42 3 0
github.com/craigderington/prox/internal/tui/monitor.go:416.42,418.7 1 0
github.com/craigderington/prox/internal/tui/monitor.go:419.6,421.29 3 0
github.com/craigderington/prox/internal/tui/monitor.go:425.3,428.16 4 0
github.com/craigderington/prox/internal/tui/monitor.go:430.20,434.16 4 0
github.com/craigderington/prox/internal/tui/monitor.go:437.2,437.15 1 0
github.com/craigderington/prox/internal/tui/monitor.go:441.37,455.20 7 0
github.com/craigderington/prox/internal/tui/monitor.go:455.20,457.3 1 0
github.com/craigderington/prox/internal/tui/monitor.go:458.2,458.21 1 0
github.com/craigderington/prox/internal/tui/monitor.go:458.21,460.3 1 0
github.com/craigderington/prox/internal/tui/monitor.go:461.2,461.19 1 0
github.com/craigderington/prox/internal/tui/monitor.go:461.19,463.3 1 0
github.com/craigderington/prox/internal/tui/monitor.go:464.2,464.22 1 0
github.com/craigderington/prox/internal/tui/monitor.go:464.22,466.3 1 0
github.com/craigderington/prox/internal/tui/monitor.go:470.2,494.24 8 0
github.com/craigderington/prox/internal/tui/monitor.go:495.24,496.106 1 0
github.com/craigderington/prox/internal/tui/monitor.go:497.17,498.132 1 0
github.com/craigderington/prox/internal/tui/monitor.go:499.10,500.106 1 0
github.com/craigderington/prox/internal/tui/monitor.go:503.2,520.18 3 0
github.com/craigderington/prox/internal/tui/monitor.go:524.51,529.35 3 0
github.com/craigderington/prox/internal/tui/monitor.go:529.35,534.3 1 0
github.com/craigderington/prox/internal/tui/monitor.go:536.2,541.3 1 0
github.com/craigderington/prox/internal/tui/monitor.go:545.52,550.35 3 0
github.com/craigderington/prox/internal/tui/monitor.go:550.35,555.3 1 0
github.com/craigderington/prox/internal/tui/monitor.go:557.2,570.17 2 0
github.com/craigderington/prox/internal/tui/monitor.go:574.72,576.40 2 0
github.com/craigderington/prox/internal/tui/monitor.go:576.40,578.3 1 0
github.com/craigderington/prox/internal/tui/monitor.go:580.2,587.40 3 0
github.com/craigderington/prox/internal/tui/monitor.go:587.40,589.3 1 0
github.com/craigderington/prox/internal/tui/monitor.go:592.2,603.18 2 0
github.com/craigderington/prox/internal/tui/monitor.go:607.65,609.33 2 0
github.com/craigderington/prox/internal/tui/monitor.go:609.33,611.3 1 0
github.com/craigderington/prox/internal/tui/monitor.go:613.2,614.18 2 0
github.com/craigderington/prox/internal/tui/monitor.go:614.18,618.3 1 0
github.com/craigderington/prox/internal/tui/monitor.go:620.2,627.33 3 0
github.com/craigderington/prox/internal/tui/monitor.go:627.33,629.3 1 0
github.com/craigderington/prox/internal/tui/monitor.go:632.2,643.18 2 0
github.com/craigderington/prox/internal/tui/monitor.go:647.68,649.36 2 0
github.com/craigderington/prox/internal/tui/monitor.go:649.36,651.3 1 0
github.com/craigderington/prox/internal/tui/monitor.go:653.2,660.36 3 0
github.com/craigderington/prox/internal/tui/monitor.go:660.36,662.3 1 0
github.com/craigderington/prox/internal/tui/monitor.go:665.2,676.18 2 0
github.com/craigderington/prox/internal/tui/monitor.go:680.59,681.17 1 0
github.com/craigderington/prox/internal/tui/monitor.go:681.17,683.3 1 0
github.com/craigderington/prox/internal/tui/monitor.go:684.2,684.19 1 0
github.com/craigderington/prox/internal/tui/monitor.go:684.19,686.3 1 0
github.com/craigderington/prox/internal/tui/monitor.go:689.2,694.18 4 0
github.com/craigderington/prox/internal/tui/monitor.go:694.18,696.3 1 0
github.com/craigderington/prox/internal/tui/monitor.go:696.8,696.25 1 0
github.com/craigderington/prox/internal/tui/monitor.go:696.25,698.3 1 0
github.com/craigderington/prox/internal/tui/monitor.go:698.8,700.3 1 0
github.com/craigderington/prox/internal/tui/monitor.go:703.2,711.29 3 0
github.com/craigderington/prox/internal/tui/monitor.go:716.56,717.20 1 0
github.com/craigderington/prox/internal/tui/monitor.go:717.20,719.3 1 0
github.com/craigderington/prox/internal/tui/monitor.go:722.2,723.25 2 0
github.com/craigderington/prox/internal/tui/monitor.go:723.25,724.14 1 0
github.com/craigderington/prox/internal/tui/monitor.go:724.14,726.4 1 0
github.com/craigderington/prox/internal/tui/monitor.go:727.3,727.14 1 0
github.com/craigderington/prox/internal/tui/monitor.go:727.14,729.4 1 0
github.com/craigderington/prox/internal/tui/monitor.go:733.2,733.16 1 0
github.com/craigderington/prox/internal/tui/monitor.go:733.16,735.3 1 0
github.com/craigderington/prox/internal/tui/monitor.go:738.2,743.23 3 0
github.com/craigderington/prox/internal/tui/monitor.go:743.23,745.32 2 0
github.com/craigderington/prox/internal/tui/monitor.go:745.32,747.4 1 0
github.com/craigderington/prox/internal/tui/monitor.go:751.2,752.23 2 0
github.com/craigderington/prox/internal/tui/monitor.go:752.23,755.3 1 0
github.com/craigderington/prox/internal/tui/monitor.go:758.2,758.40 1 0
github.com/craigderington/prox/internal/tui/monitor.go:758.40,763.20 3 0
github.com/craigderington/prox/internal/tui/monitor.go:763.20,765.4 1 0
github.com/craigderington/prox/internal/tui/monitor.go:766.3,766.30 1 0
github.com/craigderington/prox/internal/tui/monitor.go:766.30,768.4 1 0
github.com/craigderington/prox/internal/tui/monitor.go:769.3,769.37 1 0
github.com/craigderington/prox/internal/tui/monitor.go:772.2,772.22 1 0
github.com/craigderington/prox/internal/tui/monitor.go:776.69,778.37 2 0
github.com/craigderington/prox/internal/tui/monitor.go:778.37,780.3 1 0
github.com/craigderington/prox/internal/tui/monitor.go:782.2,789.37 3 0
github.com/craigderington/prox/internal/tui/monitor.go:789.37,791.3 1 0
github.com/craigderington/prox/internal/tui/monitor.go:794.2,805.18 2 0
github.com/craigderington/prox/internal/tui/monitor.go:809.48,812.35 2 0
github.com/craigderington/prox/internal/tui/monitor.go:812.35,818.22 4 0
github.com/craigderington/prox/internal/tui/monitor.go:819.29,821.30 2 0
github.com/craigderington/prox/internal/tui/monitor.go:822.30,824.29 2 0
github.com/craigderington/prox/internal/tui/monitor.go:825.33,827.30 2 0
github.com/craigderington/prox/internal/tui/monitor.go:831.3,834.60 4 0
github.com/craigderington/prox/internal/tui/monitor.go:834.60,837.4 2 0
github.com/craigderington/prox/internal/tui/monitor.go:840.3,848.22 2 0
github.com/craigderington/prox/internal/tui/monitor.go:848.22,853.4 1 0
github.com/craigderington/prox/internal/tui/monitor.go:853.9,855.4 1 0
github.com/craigderington/prox/internal/tui/monitor.go:857.3,857.30 1 0
github.com/craigderington/prox/internal/tui/monitor.go:860.2,860.21 1 0
github.com/craigderington/prox/internal/tui/monitor.go:860.21,864.3 1 0
github.com/craigderington/prox/internal/tui/monitor.go:866.2,867.39 2 0
github.com/craigderington/prox/internal/tui/monitor.go:871.44,874.28 2 0
github.com/craigderington/prox/internal/tui/monitor.go:874.28,878.3 1 0
github.com/craigderington/prox/internal/tui/monitor.go:878.8,879.38 1 0
github.com/craigderington/prox/internal/tui/monitor.go:879.38,881.4 1 0
github.com/craigderington/prox/internal/tui/monitor.go:884.2,888.18 3 0
github.com/craigderington/prox/internal/tui/monitor.go:888.18,890.3 1 0
github.com/craigderington/prox/internal/tui/monitor.go:894.48,896.35 2 0
github.com/craigderington/prox/internal/tui/monitor.go:896.35,898.3 1 0
github.com/craigderington/prox/internal/tui/monitor.go:900.2,901.17 2 0
github.com/craigderington/prox/internal/tui/monitor.go:901.17,903.60 2 0
github.com/craigderington/prox/internal/tui/monitor.go:903.60,910.23 4 0
github.com/craigderington/prox/internal/tui/monitor.go:910.23,912.5 1 0
github.com/craigderington/prox/internal/tui/monitor.go:915.4,923.29 7 0
github.com/craigderington/prox/internal/tui/monitor.go:923.29,925.5 1 0
github.com/craigderington/prox/internal/tui/monitor.go:926.4,940.5 2 0
github.com/craigderington/prox/internal/tui/monitor.go:941.9,945.4 1 0
github.com/craigderington/prox/internal/tui/monitor.go:946.8,950.3 1 0
github.com/craigderington/prox/internal/tui/monitor.go:952.2,952.39 1 0
github.com/craigderington/prox/internal/tui/monitor.go:956.49,958.35 2 0
github.com/craigderington/prox/internal/tui/monitor.go:958.35,960.3 1 0
github.com/craigderington/prox/internal/tui/monitor.go:962.2,963.17 2 0
github.com/craigderington/prox/internal/tui/monitor.go:963.17,966.25 2 0
github.com/craigderington/prox/internal/tui/monitor.go:966.25,968.4 1 0
github.com/craigderington/prox/internal/tui/monitor.go:970.3,975.46 1 0
github.com/craigderington/prox/internal/tui/monitor.go:975.46,976.31 1 0
github.com/craigderington/prox/internal/tui/monitor.go:976.31,978.6 1 0
github.com/craigderington/prox/internal/tui/monitor.go:979.5,979.17 1 0
github.com/craigderington/prox/internal/tui/monitor.go:986.3,987.30 2 0
github.com/craigderington/prox/internal/tui/monitor.go:987.30,989.4 1 0
github.com/craigderington/prox/internal/tui/monitor.go:991.3,991.94 1 0
github.com/craigderington/prox/internal/tui/monitor.go:992.8,997.3 1 0
github.com/craigderington/prox/internal/tui/monitor.go:999.2,999.40 1 0
github.com/craigderington/prox/internal/tui/styles.go:56.51,57.16 1 0
github.com/craigderington/prox/internal/tui/styles.go:58.16,59.27 1 0
github.com/craigderington/prox/internal/tui/styles.go:60.17,61.28 1 0
github.com/craigderington/prox/internal/tui/styles.go:62.17,63.28 1 0
github.com/craigderington/prox/internal/tui/styles.go:64.32,65.31 1 0
github.com/craigderington/prox/internal/tui/styles.go:66.10,67.24 1 0
github.com/craigderington/prox/internal/tui/styles.go:72.44,74.16 2 0
github.com/craigderington/prox/internal/tui/styles.go:75.16,76.17 1 0
github.com/craigderington/prox/internal/tui/styles.go:77.17,78.17 1 0
github.com/craigderington/prox/internal/tui/styles.go:79.17,80.17 1 0
github.com/craigderington/prox/internal/tui/styles.go:81.20,82.17 1 0
github.com/craigderington/prox/internal/tui/styles.go:83.18,84.17 1 0
github.com/craigderington/prox/internal/tui/styles.go:85.10,86.15 1 0
github.com/craigderington/prox/internal/tui/styles.go:88.2,88.61 1 0
github.com/craigderington/prox/internal/manager/shared.go:19.56,20.25 1 0
github.com/craigderington/prox/internal/manager/shared.go:20.25,23.25 2 0
github.com/craigderington/prox/internal/manager/shared.go:23.25,26.4 2 0
github.com/craigderington/prox/internal/manager/shared.go:29.3,35.57 3 0
github.com/craigderington/prox/internal/manager/shared.go:35.57,38.4 2 0
github.com/craigderington/prox/internal/manager/shared.go:41.3,41.60 1 0
github.com/craigderington/prox/internal/manager/shared.go:41.60,44.4 2 0
github.com/craigderington/prox/internal/manager/shared.go:47.2,47.43 1 0
github.com/craigderington/prox/internal/manager/shared.go:51.19,52.43 1 0
github.com/craigderington/prox/internal/manager/shared.go:52.43,54.3 1 0
github.com/craigderington/prox/internal/manager/shared.go:55.2,55.40 1 0
github.com/craigderington/prox/internal/logs/logger.go:22.61,29.2 1 0
github.com/craigderington/prox/internal/logs/logger.go:39.42,43.2 1 0
github.com/craigderington/prox/internal/logs/logger.go:47.79,49.12 1 0
github.com/craigderington/prox/internal/logs/logger.go:49.12,50.101 1 0
github.com/craigderington/prox/internal/logs/logger.go:50.101,52.4 1 0
github.com/craigderington/prox/internal/logs/logger.go:56.2,56.12 1 0
github.com/craigderington/prox/internal/logs/logger.go:56.12,57.101 1 0
github.com/craigderington/prox/internal/logs/logger.go:57.101,59.4 1 0
github.com/craigderington/prox/internal/logs/logger.go:64.104,66.16 2 0
github.com/craigderington/prox/internal/logs/logger.go:66.16,68.3 1 0
github.com/craigderington/prox/internal/logs/logger.go:69.2,74.21 4 0
github.com/craigderington/prox/internal/logs/logger.go:74.21,75.10 1 0
github.com/craigderington/prox/internal/logs/logger.go:76.17,77.14 1 0
github.com/craigderington/prox/internal/logs/logger.go:78.11,78.11 0 0
github.com/craigderington/prox/internal/logs/logger.go:81.3,86.25 4 0
github.com/craigderington/prox/internal/logs/logger.go:86.25,91.18 5 0
github.com/craigderington/prox/internal/logs/logger.go:91.18,93.5 1 0
github.com/craigderington/prox/internal/logs/logger.go:94.9,99.18 5 0
github.com/craigderington/prox/internal/logs/logger.go:99.18,101.5 1 0
github.com/craigderington/prox/internal/logs/logger.go:105.3,105.58 1 0
github.com/craigderington/prox/internal/logs/logger.go:105.58,107.4 1 0
github.com/craigderington/prox/internal/logs/logger.go:110.2,110.22 1 0
github.com/craigderington/prox/internal/logs/logger.go:114.65,117.16 2 0
github.com/craigderington/prox/internal/logs/logger.go:117.16,119.3 1 0
github.com/craigderington/prox/internal/logs/logger.go:121.2,121.18 1 0
github.com/craigderington/prox/internal/logs/logger.go:125.71,127.16 2 0
github.com/craigderington/prox/internal/logs/logger.go:127.16,129.3 1 0
github.com/craigderington/prox/internal/logs/logger.go:131.2,131.37 1 0
github.com/craigderington/prox/internal/logs/logger.go:131.37,133.3 1 0
github.com/craigderington/prox/internal/logs/logger.go:135.2,135.12 1 0
github.com/craigderington/prox/internal/logs/logger.go:139.51,143.45 1 0
github.com/craigderington/prox/internal/logs/logger.go:143.45,147.45 3 0
github.com/craigderington/prox/internal/logs/logger.go:147.45,149.4 1 0
github.com/craigderington/prox/internal/logs/logger.go:153.2,154.53 2 0
github.com/craigderington/prox/internal/logs/logger.go:154.53,156.3 1 0
github.com/craigderington/prox/internal/logs/logger.go:159.2,162.12 3 0
github.com/craigderington/prox/internal/logs/logger.go:166.57,168.16 2 0
github.com/craigderington/prox/internal/logs/logger.go:168.16,169.25 1 0
github.com/craigderington/prox/internal/logs/logger.go:169.25,171.4 1 0
github.com/craigderington/prox/internal/logs/logger.go:172.3,172.18 1 0
github.com/craigderington/prox/internal/logs/logger.go:174.2,180.21 4 0
github.com/craigderington/prox/internal/logs/logger.go:180.21,182.3 1 0
github.com/craigderington/prox/internal/logs/logger.go:184.2,184.38 1 0
github.com/craigderington/prox/internal/logs/logger.go:184.38,186.3 1 0
github.com/craigderington/prox/internal/logs/logger.go:189.2,189.29 1 0
github.com/craigderington/prox/internal/logs/logger.go:189.29,191.3 1 0
github.com/craigderington/prox/internal/logs/logger.go:193.2,193.19 1 0
github.com/craigderington/prox/internal/logs/logger.go:197.49,199.16 2 0
github.com/craigderington/prox/internal/logs/logger.go:199.16,200.25 1 0
github.com/craigderington/prox/internal/logs/logger.go:200.25,202.4 1 0
github.com/craigderington/prox/internal/logs/logger.go:203.3,203.18 1 0
github.com/craigderington/prox/internal/logs/logger.go:205.2,211.21 5 0
github.com/craigderington/prox/internal/logs/logger.go:211.21,213.3 1 0
github.com/craigderington/prox/internal/logs/logger.go:215.2,215.38 1 0
github.com/craigderington/prox/internal/logs/logger.go:215.38,217.3 1 0
github.com/craigderington/prox/internal/logs/logger.go:219.2,219.19 1 0
github.com/craigderington/prox/internal/logs/merger.go:28.97,34.16 4 0
github.com/craigderington/prox/internal/logs/merger.go:34.16,37.3 1 0
github.com/craigderington/prox/internal/logs/merger.go:39.2,40.16 2 0
github.com/craigderington/prox/internal/logs/merger.go:40.16,42.3 1 0
github.com/craigderington/prox/internal/logs/merger.go:45.2,47.32 2 0
github.com/craigderington/prox/internal/logs/merger.go:47.32,54.3 2 0
github.com/craigderington/prox/internal/logs/merger.go:56.2,56.32 1 0
github.com/craigderington/prox/internal/logs/merger.go:56.32,63.3 2 0
github.com/craigderington/prox/internal/logs/merger.go:66.2,66.48 1 0
github.com/craigderington/prox/internal/logs/merger.go:66.48,68.3 1 0
github.com/craigderington/prox/internal/logs/merger.go:71.2,71.47 1 0
github.com/craigderington/prox/internal/logs/merger.go:71.47,73.3 1 0
github.com/craigderington/prox/internal/logs/merger.go:75.2,75.21 1 0
github.com/craigderington/prox/internal/logs/merger.go:81.52,82.20 1 0
github.com/craigderington/prox/internal/logs/merger.go:82.20,84.3 1 0
github.com/craigderington/prox/internal/logs/merger.go:86.2,86.20 1 0
github.com/craigderington/prox/internal/logs/merger.go:86.20,88.3 1 0
github.com/craigderington/prox/internal/logs/merger.go:90.2,91.45 2 0
github.com/craigderington/prox/internal/logs/merger.go:91.45,93.3 1 0
github.com/craigderington/prox/internal/logs/merger.go:95.2,97.16 3 0
github.com/craigderington/prox/internal/logs/merger.go:97.16,99.3 1 0
github.com/craigderington/prox/internal/logs/merger.go:102.2,103.32 2 0
github.com/craigderington/prox/internal/logs/merger.go:103.32,105.3 1 0
github.com/craigderington/prox/internal/logs/merger.go:105.8,105.39 1 0
github.com/craigderington/prox/internal/logs/merger.go:105.39,107.3 1 0
github.com/craigderington/prox/internal/logs/merger.go:109.2,109.20 1 0
github.com/craigderington/prox/cmd/daemon.go:24.47,27.17 2 0
github.com/craigderington/prox/cmd/daemon.go:27.17,30.4 2 0
github.com/craigderington/prox/cmd/daemon.go:32.3,32.25 1 0
github.com/craigderington/prox/cmd/daemon.go:32.25,35.4 2 0
github.com/craigderington/prox/cmd/daemon.go:38.3,39.17 2 0
github.com/craigderington/prox/cmd/daemon.go:39.17,42.4 2 0
github.com/craigderington/prox/cmd/daemon.go:45.3,50.43 5 0
github.com/craigderington/prox/cmd/daemon.go:50.43,53.4 2 0
github.com/craigderington/prox/cmd/daemon.go:56.3,60.27 3 0
github.com/craigderington/prox/cmd/daemon.go:60.27,62.26 2 0
github.com/craigderington/prox/cmd/daemon.go:62.26,68.5 5 0
github.com/craigderington/prox/cmd/daemon.go:71.3,71.52 1 0
github.com/craigderington/prox/cmd/daemon.go:78.47,80.17 2 0
github.com/craigderington/prox/cmd/daemon.go:80.17,83.4 2 0
github.com/craigderington/prox/cmd/daemon.go:85.3,85.26 1 0
github.com/craigderington/prox/cmd/daemon.go:85.26,88.4 2 0
github.com/craigderington/prox/cmd/daemon.go:90.3,91.43 2 0
github.com/craigderington/prox/cmd/daemon.go:91.43,94.4 2 0
github.com/craigderington/prox/cmd/daemon.go:96.3,98.54 3 0
github.com/craigderington/prox/cmd/daemon.go:105.47,107.17 2 0
github.com/craigderington/prox/cmd/daemon.go:107.17,110.4 2 0
github.com/craigderington/prox/cmd/daemon.go:112.3,112.25 1 0
github.com/craigderington/prox/cmd/daemon.go:112.25,117.18 3 0
github.com/craigderington/prox/cmd/daemon.go:117.18,120.5 2 0
github.com/craigderington/prox/cmd/daemon.go:122.4,123.32 2 0
github.com/craigderington/prox/cmd/daemon.go:123.32,124.41 1 0
github.com/craigderington/prox/cmd/daemon.go:124.41,126.6 1 0
github.com/craigderington/prox/cmd/daemon.go:129.4,135.44 5 0
github.com/craigderington/prox/cmd/daemon.go:136.9,140.4 3 0
github.com/craigderington/prox/cmd/daemon.go:148.47,150.17 2 0
github.com/craigderington/prox/cmd/daemon.go:150.17,153.4 2 0
github.com/craigderington/prox/cmd/daemon.go:156.3,159.17 4 0
github.com/craigderington/prox/cmd/daemon.go:159.17,163.4 3 0
github.com/craigderington/prox/cmd/daemon.go:165.3,165.40 1 0
github.com/craigderington/prox/cmd/daemon.go:165.40,168.4 2 0
github.com/craigderington/prox/cmd/daemon.go:172.13,178.2 5 0
github.com/craigderington/prox/cmd/delete.go:15.47,20.17 3 0
github.com/craigderington/prox/cmd/delete.go:20.17,23.4 2 0
github.com/craigderington/prox/cmd/delete.go:26.3,26.46 1 0
github.com/craigderington/prox/cmd/delete.go:26.46,29.4 2 0
github.com/craigderington/prox/cmd/delete.go:32.3,32.37 1 0
github.com/craigderington/prox/cmd/delete.go:32.37,34.4 1 0
github.com/craigderington/prox/cmd/delete.go:36.3,36.41 1 0
github.com/craigderington/prox/cmd/delete.go:40.13,42.2 1 0
github.com/craigderington/prox/cmd/helpers.go:10.63,12.2 1 0
github.com/craigderington/prox/cmd/helpers.go:15.24,17.2 1 0
github.com/craigderington/prox/cmd/init.go:26.47,28.48 1 0
github.com/craigderington/prox/cmd/init.go:28.48,31.4 2 0
github.com/craigderington/prox/cmd/init.go:34.3,40.21 5 0
github.com/craigderington/prox/cmd/init.go:40.21,45.4 3 0
github.com/craigderington/prox/cmd/init.go:45.9,49.4 2 0
github.com/craigderington/prox/cmd/init.go:51.3,51.17 1 0
github.com/craigderington/prox/cmd/init.go:51.17,53.22 2 0
github.com/craigderington/prox/cmd/init.go:53.22,59.5 5 0
github.com/craigderington/prox/cmd/init.go:60.4,60.14 1 0
github.com/craigderington/prox/cmd/init.go:63.3,68.39 4 0
github.com/craigderington/prox/cmd/init.go:68.39,72.4 3 0
github.com/craigderington/prox/cmd/init.go:75.3,77.60 3 0
github.com/craigderington/prox/cmd/init.go:77.60,80.4 2 0
github.com/craigderington/prox/cmd/init.go:82.3,87.58 6 0
github.com/craigderington/prox/cmd/init.go:91.13,94.2 2 0
github.com/craigderington/prox/cmd/list.go:24.47,27.17 2 0
github.com/craigderington/prox/cmd/list.go:27.17,30.4 2 0
github.com/craigderington/prox/cmd/list.go:32.3,35.40 2 0
github.com/craigderington/prox/cmd/list.go:35.40,37.4 1 0
github.com/craigderington/prox/cmd/list.go:39.3,39.26 1 0
github.com/craigderington/prox/cmd/list.go:39.26,44.4 4 0
github.com/craigderington/prox/cmd/list.go:47.3,47.18 1 0
github.com/craigderington/prox/cmd/list.go:47.18,51.4 3 0
github.com/craigderington/prox/cmd/list.go:54.3,59.34 4 0
github.com/craigderington/prox/cmd/list.go:59.34,63.43 3 0
github.com/craigderington/prox/cmd/list.go:63.43,65.5 1 0
github.com/craigderington/prox/cmd/list.go:68.4,70.61 3 0
github.com/craigderington/prox/cmd/list.go:70.61,73.5 2 0
github.com/craigderington/prox/cmd/list.go:76.4,78.23 3 0
github.com/craigderington/prox/cmd/list.go:79.30,80.42 1 0
github.com/craigderington/prox/cmd/list.go:81.31,82.42 1 0
github.com/craigderington/prox/cmd/list.go:83.31,84.42 1 0
github.com/craigderington/prox/cmd/list.go:85.34,86.42 1 0
github.com/craigderington/prox/cmd/list.go:87.12,88.33 1 0
github.com/craigderington/prox/cmd/list.go:91.4,100.6 1 0
github.com/craigderington/prox/cmd/list.go:104.3,113.48 3 0
github.com/craigderington/prox/cmd/list.go:113.48,115.17 1 0
github.com/craigderington/prox/cmd/list.go:115.17,117.6 1 0
github.com/craigderington/prox/cmd/list.go:120.5,121.44 2 0
github.com/craigderington/prox/cmd/list.go:121.44,123.6 1 0
github.com/craigderington/prox/cmd/list.go:126.5,126.17 1 0
github.com/craigderington/prox/cmd/list.go:126.17,130.46 2 0
github.com/craigderington/prox/cmd/list.go:130.46,132.7 1 0
github.com/craigderington/prox/cmd/list.go:132.12,132.53 1 0
github.com/craigderington/prox/cmd/list.go:132.53,134.7 1 0
github.com/craigderington/prox/cmd/list.go:134.12,134.53 1 0
github.com/craigderington/prox/cmd/list.go:134.53,136.7 1 0
github.com/craigderington/prox/cmd/list.go:136.12,136.53 1 0
github.com/craigderington/prox/cmd/list.go:136.53,138.7 1 0
github.com/craigderington/prox/cmd/list.go:139.6,139.23 1 0
github.com/craigderington/prox/cmd/list.go:143.5,143.17 1 0
github.com/craigderington/prox/cmd/list.go:143.17,145.6 1 0
github.com/craigderington/prox/cmd/list.go:148.5,148.17 1 0
github.com/craigderington/prox/cmd/list.go:148.17,150.6 1 0
github.com/craigderington/prox/cmd/list.go:153.5,153.17 1 0
github.com/craigderington/prox/cmd/list.go:153.17,155.6 1 0
github.com/craigderington/prox/cmd/list.go:158.5,158.17 1 0
github.com/craigderington/prox/cmd/list.go:158.17,160.6 1 0
github.com/craigderington/prox/cmd/list.go:163.5,163.22 1 0
github.com/craigderington/prox/cmd/list.go:169.3,174.28 3 0
github.com/craigderington/prox/cmd/list.go:178.13,181.2 2 0
github.com/craigderington/prox/cmd/logs.go:22.47,27.17 3 0
github.com/craigderington/prox/cmd/logs.go:27.17,30.4 2 0
github.com/craigderington/prox/cmd/logs.go:33.3,34.18 2 0
github.com/craigderington/prox/cmd/logs.go:34.18,37.4 2 0
github.com/craigderington/prox/cmd/logs.go:40.3,43.38 3 0
github.com/craigderington/prox/cmd/logs.go:44.24,46.31 2 0
github.com/craigderington/prox/cmd/logs.go:47.24,49.31 2 0
github.com/craigderington/prox/cmd/logs.go:50.11,55.41 2 0
github.com/craigderington/prox/cmd/logs.go:59.3,61.36 2 0
github.com/craigderington/prox/cmd/logs.go:61.36,63.18 2 0
github.com/craigderington/prox/cmd/logs.go:63.18,65.13 2 0
github.com/craigderington/prox/cmd/logs.go:68.4,68.23 1 0
github.com/craigderington/prox/cmd/logs.go:68.23,70.13 2 0
github.com/craigderington/prox/cmd/logs.go:73.4,73.31 1 0
github.com/craigderington/prox/cmd/logs.go:73.31,75.5 1 0
github.com/craigderington/prox/cmd/logs.go:80.13,85.2 3 0
github.com/craigderington/prox/cmd/output.go:28.55,31.2 2 0
github.com/craigderington/prox/cmd/output.go:34.53,37.2 2 0
github.com/craigderington/prox/cmd/output.go:40.55,43.2 2 0
github.com/craigderington/prox/cmd/output.go:46.52,49.2 2 0
github.com/craigderington/prox/cmd/output.go:52.39,54.2 1 0
github.com/craigderington/prox/cmd/output.go:57.53,60.2 2 0
github.com/craigderington/prox/cmd/restart.go:14.47,19.17 3 0
github.com/craigderington/prox/cmd/restart.go:19.17,22.4 2 0
github.com/craigderington/prox/cmd/restart.go:25.3,25.47 1 0
github.com/craigderington/prox/cmd/restart.go:25.47,28.4 2 0
github.com/craigderington/prox/cmd/restart.go:31.3,31.37 1 0
github.com/craigderington/prox/cmd/restart.go:31.37,33.4 1 0
github.com/craigderington/prox/cmd/restart.go:35.3,35.40 1 0
github.com/craigderington/prox/cmd/restart.go:39.13,41.2 1 0
github.com/craigderington/prox/cmd/root.go:48.47,50.37 1 0
github.com/craigderington/prox/cmd/root.go:50.37,53.4 2 0
github.com/craigderington/prox/cmd/root.go:57.16,58.42 1 0
github.com/craigderington/prox/cmd/root.go:58.42,61.3 2 0
github.com/craigderington/prox/cmd/root.go:64.14,66.2 0 0
github.com/craigderington/prox/cmd/root.go:68.24,71.16 2 0
github.com/craigderington/prox/cmd/root.go:71.16,73.3 1 0
github.com/craigderington/prox/cmd/root.go:76.2,82.35 3 0
github.com/craigderington/prox/cmd/root.go:82.35,84.3 1 0
github.com/craigderington/prox/cmd/root.go:87.2,87.36 1 0
github.com/craigderington/prox/cmd/root.go:87.36,89.3 1 0
github.com/craigderington/prox/cmd/root.go:91.2,91.12 1 0
github.com/craigderington/prox/cmd/start.go:33.47,35.21 1 0
github.com/craigderington/prox/cmd/start.go:35.21,38.4 2 0
github.com/craigderington/prox/cmd/start.go:39.3,42.24 2 0
github.com/craigderington/prox/cmd/start.go:42.24,44.4 1 0
github.com/craigderington/prox/cmd/start.go:47.3,47.20 1 0
github.com/craigderington/prox/cmd/start.go:47.20,49.4 1 0
github.com/craigderington/prox/cmd/start.go:52.3,52.24 1 0
github.com/craigderington/prox/cmd/start.go:52.24,54.4 1 0
github.com/craigderington/prox/cmd/start.go:57.3,57.23 1 0
github.com/craigderington/prox/cmd/start.go:57.23,59.4 1 0
github.com/craigderington/prox/cmd/start.go:62.3,72.17 3 0
github.com/craigderington/prox/cmd/start.go:72.17,75.4 2 0
github.com/craigderington/prox/cmd/start.go:78.3,79.17 2 0
github.com/craigderington/prox/cmd/start.go:79.17,82.4 2 0
github.com/craigderington/prox/cmd/start.go:85.3,85.37 1 0
github.com/craigderington/prox/cmd/start.go:85.37,87.4 1 0
github.com/craigderington/prox/cmd/start.go:89.3,91.29 3 0
github.com/craigderington/prox/cmd/start.go:91.29,93.4 1 0
github.com/craigderington/prox/cmd/start.go:94.3,110.62 11 0
github.com/craigderington/prox/cmd/start.go:114.46,116.13 2 0
github.com/craigderington/prox/cmd/start.go:117.13,118.16 1 0
github.com/craigderington/prox/cmd/start.go:119.13,120.18 1 0
github.com/craigderington/prox/cmd/start.go:121.13,122.16 1 0
github.com/craigderington/prox/cmd/start.go:123.13,124.16 1 0
github.com/craigderington/prox/cmd/start.go:125.10,126.12 1 0
github.com/craigderington/prox/cmd/start.go:131.55,132.25 1 0
github.com/craigderington/prox/cmd/start.go:132.25,135.3 2 0
github.com/craigderington/prox/cmd/start.go:138.2,139.33 2 0
github.com/craigderington/prox/cmd/start.go:139.33,141.19 2 0
github.com/craigderington/prox/cmd/start.go:141.19,143.4 1 0
github.com/craigderington/prox/cmd/start.go:146.3,148.22 3 0
github.com/craigderington/prox/cmd/start.go:149.29,150.41 1 0
github.com/craigderington/prox/cmd/start.go:151.30,152.41 1 0
github.com/craigderington/prox/cmd/start.go:153.30,154.41 1 0
github.com/craigderington/prox/cmd/start.go:155.33,156.41 1 0
github.com/craigderington/prox/cmd/start.go:157.11,158.32 1 0
github.com/craigderington/prox/cmd/start.go:161.3,168.5 1 0
github.com/craigderington/prox/cmd/start.go:172.2,182.47 3 0
github.com/craigderington/prox/cmd/start.go:182.47,184.16 1 0
github.com/craigderington/prox/cmd/start.go:184.16,186.5 1 0
github.com/craigderington/prox/cmd/start.go:189.4,190.43 2 0
github.com/craigderington/prox/cmd/start.go:190.43,192.5 1 0
github.com/craigderington/prox/cmd/start.go:195.4,195.16 1 0
github.com/craigderington/prox/cmd/start.go:195.16,197.5 1 0
github.com/craigderington/prox/cmd/start.go:200.4,200.16 1 0
github.com/craigderington/prox/cmd/start.go:200.16,202.45 2 0
github.com/craigderington/prox/cmd/start.go:202.45,204.6 1 0
github.com/craigderington/prox/cmd/start.go:204.11,204.52 1 0
github.com/craigderington/prox/cmd/start.go:204.52,206.6 1 0
github.com/craigderington/prox/cmd/start.go:206.11,206.52 1 0
github.com/craigderington/prox/cmd/start.go:206.52,208.6 1 0
github.com/craigderington/prox/cmd/start.go:208.11,208.52 1 0
github.com/craigderington/prox/cmd/start.go:208.52,210.6 1 0
github.com/craigderington/prox/cmd/start.go:211.5,211.31 1 0
github.com/craigderington/prox/cmd/start.go:215.4,215.16 1 0
github.com/craigderington/prox/cmd/start.go:215.16,217.5 1 0
github.com/craigderington/prox/cmd/start.go:220.4,220.44 1 0
github.com/craigderington/prox/cmd/start.go:226.2,231.27 3 0
github.com/craigderington/prox/cmd/start.go:234.13,240.2 4 0
github.com/craigderington/prox/cmd/startall.go:19.47,22.17 2 0
github.com/craigderington/prox/cmd/startall.go:22.17,25.4 2 0
github.com/craigderington/prox/cmd/startall.go:28.3,30.17 3 0
github.com/craigderington/prox/cmd/startall.go:30.17,33.4 2 0
github.com/craigderington/prox/cmd/startall.go:35.3,35.29 1 0
github.com/craigderington/prox/cmd/startall.go:35.29,38.4 2 0
github.com/craigderington/prox/cmd/startall.go:41.3,42.17 2 0
github.com/craigderington/prox/cmd/startall.go:42.17,45.4 2 0
github.com/craigderington/prox/cmd/startall.go:48.3,55.68 5 0
github.com/craigderington/prox/cmd/startall.go:55.68,56.21 1 0
github.com/craigderington/prox/cmd/startall.go:56.21,58.5 1 0
github.com/craigderington/prox/cmd/startall.go:61.4,61.38 1 0
github.com/craigderington/prox/cmd/startall.go:61.38,62.44 1 0
github.com/craigderington/prox/cmd/startall.go:62.44,63.54 1 0
github.com/craigderington/prox/cmd/startall.go:63.54,65.7 1 0
github.com/craigderington/prox/cmd/startall.go:67.6,67.40 1 0
github.com/craigderington/prox/cmd/startall.go:72.4,73.23 2 0
github.com/craigderington/prox/cmd/startall.go:73.23,75.5 1 0
github.com/craigderington/prox/cmd/startall.go:78.4,82.29 4 0
github.com/craigderington/prox/cmd/startall.go:82.29,84.5 1 0
github.com/craigderington/prox/cmd/startall.go:87.4,93.53 2 0
github.com/craigderington/prox/cmd/startall.go:93.53,95.21 1 0
github.com/craigderington/prox/cmd/startall.go:95.21,97.6 1 0
github.com/craigderington/prox/cmd/startall.go:98.5,99.23 2 0
github.com/craigderington/prox/cmd/startall.go:99.23,101.6 1 0
github.com/craigderington/prox/cmd/startall.go:102.10,105.23 2 0
github.com/craigderington/prox/cmd/startall.go:105.23,107.6 1 0
github.com/craigderington/prox/cmd/startall.go:108.5,108.21 1 0
github.com/craigderington/prox/cmd/startall.go:108.21,110.6 1 0
github.com/craigderington/prox/cmd/startall.go:114.4,115.17 2 0
github.com/craigderington/prox/cmd/startall.go:115.17,117.5 1 0
github.com/craigderington/prox/cmd/startall.go:120.4,121.23 2 0
github.com/craigderington/prox/cmd/startall.go:122.18,123.42 1 0
github.com/craigderington/prox/cmd/startall.go:124.17,125.41 1 0
github.com/craigderington/prox/cmd/startall.go:129.4,142.18 3 0
github.com/craigderington/prox/cmd/startall.go:142.18,144.5 1 0
github.com/craigderington/prox/cmd/startall.go:146.4,148.14 3 0
github.com/craigderington/prox/cmd/startall.go:152.3,152.39 1 0
github.com/craigderington/prox/cmd/startall.go:152.39,153.50 1 0
github.com/craigderington/prox/cmd/startall.go:153.50,155.5 1 0
github.com/craigderington/prox/cmd/startall.go:159.3,159.37 1 0
github.com/craigderington/prox/cmd/startall.go:159.37,161.4 1 0
github.com/craigderington/prox/cmd/startall.go:164.3,165.22 2 0
github.com/craigderington/prox/cmd/startall.go:165.22,167.29 2 0
github.com/craigderington/prox/cmd/startall.go:167.29,169.5 1 0
github.com/craigderington/prox/cmd/startall.go:170.4,170.17 1 0
github.com/craigderington/prox/cmd/startall.go:173.3,177.58 5 0
github.com/craigderington/prox/cmd/startall.go:181.13,183.2 1 0
github.com/craigderington/prox/cmd/stop.go:14.47,19.17 3 0
github.com/craigderington/prox/cmd/stop.go:19.17,22.4 2 0
github.com/craigderington/prox/cmd/stop.go:25.3,25.44 1 0
github.com/craigderington/prox/cmd/stop.go:25.44,28.4 2 0
github.com/craigderington/prox/cmd/stop.go:31.3,31.37 1 0
github.com/craigderington/prox/cmd/stop.go:31.37,33.4 1 0
github.com/craigderington/prox/cmd/stop.go:35.3,35.41 1 0
github.com/craigderington/prox/cmd/stop.go:39.13,41.2 1 0
github.com/craigderington/prox/internal/banner/banner.go:38.22,71.2 8 0
github.com/craigderington/prox/internal/banner/banner.go:74.29,94.2 5 0
